2023-06-04 14:33:35.886 [warning] Via 'product.json#extensionEnabledApiProposals' extension 'ms-vscode.vscode-selfhost-test-provider' wants API proposal 'testContinuousRun' but that proposal DOES NOT EXIST. Likely, the proposal has been finalized (check 'vscode.d.ts') or was abandoned.
2023-06-04 14:33:36.287 [warning] Settings pattern "security.*" doesn't match any settings
2023-06-04 14:33:36.288 [warning] SettingsEditor2: Settings not included in settingsLayout.ts: interactiveEditor.editMode, accessibility.verbosity.diff-editor, accessibility.verbosity.terminal
2023-06-04 14:33:39.173 [info] [perf] Render performance baseline is 55ms
2023-06-04 14:33:39.405 [warning] Settings pattern "security.*" doesn't match any settings
2023-06-04 14:34:03.674 [warning] Settings pattern "security.*" doesn't match any settings
2023-06-04 14:34:39.043 [warning] Settings pattern "security.*" doesn't match any settings
2023-06-04 14:34:50.678 [warning] Settings pattern "security.*" doesn't match any settings
2023-06-04 14:42:44.157 [warning] Settings pattern "security.*" doesn't match any settings
2023-06-04 14:53:42.135 [warning] Settings pattern "security.*" doesn't match any settings
2023-06-04 14:53:44.038 [warning] Settings pattern "security.*" doesn't match any settings
2023-06-04 14:53:53.064 [warning] Settings pattern "security.*" doesn't match any settings
2023-06-04 14:54:03.330 [warning] Settings pattern "security.*" doesn't match any settings
2023-06-04 14:54:47.129 [warning] Settings pattern "security.*" doesn't match any settings
2023-06-04 14:54:49.527 [warning] Settings pattern "security.*" doesn't match any settings
2023-06-04 14:54:58.042 [warning] Settings pattern "security.*" doesn't match any settings
2023-06-04 14:55:29.869 [warning] [File Watcher (parcel)] Watcher shutdown because watched path got deleted (path: /home/koneko/Downloads/project_react_native_jobs-main/assets)
2023-06-04 14:57:10.965 [warning] [File Watcher (node.js)] Watcher shutdown because watched path got deleted
2023-06-04 15:02:36.732 [warning] Settings pattern "security.*" doesn't match any settings
2023-06-04 15:04:17.534 [warning] Settings pattern "security.*" doesn't match any settings
2023-06-04 15:13:06.287 [warning] Settings pattern "security.*" doesn't match any settings
2023-06-04 15:29:56.389 [error] Error: file:///home/koneko/Documents/Projects/react_native_jobs/app/index.js has changed in the meantime
    at e.BulkTextEdits.o (vscode-file://vscode-app/usr/share/code/resources/app/out/vs/workbench/workbench.desktop.main.js:762:8849)
    at e.BulkTextEdits.apply (vscode-file://vscode-app/usr/share/code/resources/app/out/vs/workbench/workbench.desktop.main.js:762:9551)
    at m.o (vscode-file://vscode-app/usr/share/code/resources/app/out/vs/workbench/workbench.desktop.main.js:2307:25221)
    at m.perform (vscode-file://vscode-app/usr/share/code/resources/app/out/vs/workbench/workbench.desktop.main.js:2307:24648)
    at e.BulkEditService.apply (vscode-file://vscode-app/usr/share/code/resources/app/out/vs/workbench/workbench.desktop.main.js:2307:26491)
    at e.MainThreadBulkEdits.$tryApplyWorkspaceEdit (vscode-file://vscode-app/usr/share/code/resources/app/out/vs/workbench/workbench.desktop.main.js:1517:4303)
    at m.N (vscode-file://vscode-app/usr/share/code/resources/app/out/vs/workbench/workbench.desktop.main.js:1532:15271)
    at m.M (vscode-file://vscode-app/usr/share/code/resources/app/out/vs/workbench/workbench.desktop.main.js:1532:14989)
    at m.H (vscode-file://vscode-app/usr/share/code/resources/app/out/vs/workbench/workbench.desktop.main.js:1532:14082)
    at m.G (vscode-file://vscode-app/usr/share/code/resources/app/out/vs/workbench/workbench.desktop.main.js:1532:13220)
    at vscode-file://vscode-app/usr/share/code/resources/app/out/vs/workbench/workbench.desktop.main.js:1532:11851
    at g.invoke (vscode-file://vscode-app/usr/share/code/resources/app/out/vs/workbench/workbench.desktop.main.js:93:145)
    at o.deliver (vscode-file://vscode-app/usr/share/code/resources/app/out/vs/workbench/workbench.desktop.main.js:93:2121)
    at s.fire (vscode-file://vscode-app/usr/share/code/resources/app/out/vs/workbench/workbench.desktop.main.js:93:1729)
    at a.fire (vscode-file://vscode-app/usr/share/code/resources/app/out/vs/workbench/workbench.desktop.main.js:564:15123)
    at q.onmessage (vscode-file://vscode-app/usr/share/code/resources/app/out/vs/workbench/workbench.desktop.main.js:1630:1495)
2023-06-04 15:29:56.389 [warning] IGNORING workspace edit: Error: file:///home/koneko/Documents/Projects/react_native_jobs/app/index.js has changed in the meantime
2023-06-04 15:33:14.942 [warning] Settings pattern "security.*" doesn't match any settings
2023-06-04 15:34:37.540 [warning] Settings pattern "security.*" doesn't match any settings
2023-06-04 15:35:03.160 [warning] Settings pattern "security.*" doesn't match any settings
2023-06-04 15:36:54.856 [warning] Settings pattern "security.*" doesn't match any settings
2023-06-04 15:44:27.553 [warning] [File Watcher (node.js)] Watcher shutdown because watched path got deleted
2023-06-04 15:44:39.658 [warning] Settings pattern "security.*" doesn't match any settings
2023-06-04 17:36:03.880 [warning] Via 'product.json#extensionEnabledApiProposals' extension 'ms-vscode.vscode-selfhost-test-provider' wants API proposal 'testContinuousRun' but that proposal DOES NOT EXIST. Likely, the proposal has been finalized (check 'vscode.d.ts') or was abandoned.
2023-06-04 17:36:07.143 [info] [perf] Render performance baseline is 43ms
2023-06-04 18:40:16.118 [warning] Settings pattern "security.*" doesn't match any settings
2023-06-04 18:40:16.118 [warning] SettingsEditor2: Settings not included in settingsLayout.ts: interactiveEditor.editMode, accessibility.verbosity.diff-editor, accessibility.verbosity.terminal
2023-06-04 18:40:38.376 [warning] Settings pattern "security.*" doesn't match any settings
2023-06-04 18:40:44.291 [warning] Settings pattern "security.*" doesn't match any settings
2023-06-04 18:40:54.152 [warning] Settings pattern "security.*" doesn't match any settings
