2023-06-04 14:33:36.331 [info] Added views:workbench.panel.markers.view in workbench.panel.markers
2023-06-04 14:33:36.331 [info] Added views:workbench.panel.output in workbench.panel.output
2023-06-04 14:33:36.331 [info] Added views:terminal in terminal
2023-06-04 14:33:36.331 [info] Added views:outline in workbench.view.explorer
2023-06-04 14:33:36.331 [info] Added views:workbench.scm in workbench.view.scm
2023-06-04 14:33:36.332 [info] Added views:workbench.view.search in workbench.view.search
2023-06-04 14:33:36.332 [info] Added views:timeline in workbench.view.explorer
2023-06-04 14:33:36.332 [info] Added views:workbench.explorer.fileView in workbench.view.explorer
2023-06-04 14:33:37.421 [info] Added views:workbench.debug.welcome in workbench.view.debug
2023-06-04 14:33:37.467 [info] Added views:workbench.panel.repl.view in workbench.panel.repl
2023-06-04 14:53:41.528 [info] Removed views:workbench.panel.repl.view from workbench.panel.repl
2023-06-04 14:53:41.618 [info] Added views:workbench.panel.repl.view in workbench.panel.repl
2023-06-04 14:53:52.146 [info] Removed views:workbench.panel.repl.view from workbench.panel.repl
2023-06-04 14:53:52.300 [info] Added views:workbench.panel.repl.view in workbench.panel.repl
2023-06-04 14:54:02.389 [info] Removed views:workbench.panel.repl.view from workbench.panel.repl
2023-06-04 14:54:02.505 [info] Added views:workbench.panel.repl.view in workbench.panel.repl
2023-06-04 14:54:46.490 [info] Removed views:workbench.panel.repl.view from workbench.panel.repl
2023-06-04 14:54:46.623 [info] Added views:workbench.panel.repl.view in workbench.panel.repl
2023-06-04 14:54:57.168 [info] Removed views:workbench.panel.repl.view from workbench.panel.repl
2023-06-04 14:54:57.269 [info] Added views:workbench.panel.repl.view in workbench.panel.repl
2023-06-04 15:12:57.815 [info] Added views:workbench.views.extensions.installed,workbench.views.extensions.popular,extensions.recommendedList in workbench.view.extensions
2023-06-04 15:12:57.821 [info] Removed views:workbench.views.extensions.popular from workbench.view.extensions
2023-06-04 15:13:00.703 [info] Removed views:extensions.recommendedList,workbench.views.extensions.installed from workbench.view.extensions
2023-06-04 15:13:00.723 [info] Added views:workbench.views.extensions.marketplace in workbench.view.extensions
2023-06-04 15:46:15.064 [info] Added views:workbench.explorer.emptyView in workbench.view.explorer
2023-06-04 15:46:15.075 [info] Removed views:workbench.explorer.fileView from workbench.view.explorer
2023-06-04 15:46:15.390 [info] Removed views:workbench.panel.repl.view from workbench.panel.repl
2023-06-04 15:46:15.533 [info] Added views:workbench.panel.repl.view in workbench.panel.repl
2023-06-04 15:53:25.948 [info] Added views:workbench.explorer.fileView in workbench.view.explorer
2023-06-04 15:53:25.948 [info] Removed views:workbench.explorer.emptyView from workbench.view.explorer
2023-06-04 15:53:26.241 [info] Removed views:workbench.panel.repl.view from workbench.panel.repl
2023-06-04 15:53:26.300 [info] Added views:workbench.panel.repl.view in workbench.panel.repl
2023-06-04 16:05:53.122 [info] Removed views:workbench.views.extensions.marketplace from workbench.view.extensions
2023-06-04 16:05:53.166 [info] Added views:workbench.views.extensions.installed,extensions.recommendedList in workbench.view.extensions
2023-06-04 16:24:04.113 [info] Removed views:extensions.recommendedList,workbench.views.extensions.installed from workbench.view.extensions
2023-06-04 16:24:04.142 [info] Added views:workbench.views.extensions.marketplace in workbench.view.extensions
2023-06-04 17:35:52.688 [info] Removed views:workbench.views.extensions.marketplace from workbench.view.extensions
2023-06-04 17:35:52.728 [info] Added views:workbench.views.extensions.installed,extensions.recommendedList in workbench.view.extensions
2023-06-04 17:36:04.143 [info] Added views:workbench.panel.markers.view in workbench.panel.markers
2023-06-04 17:36:04.143 [info] Added views:workbench.panel.output in workbench.panel.output
2023-06-04 17:36:04.143 [info] Added views:terminal in terminal
2023-06-04 17:36:04.143 [info] Added views:outline in workbench.view.explorer
2023-06-04 17:36:04.143 [info] Added views:workbench.scm in workbench.view.scm
2023-06-04 17:36:04.143 [info] Added views:workbench.view.search in workbench.view.search
2023-06-04 17:36:04.143 [info] Added views:timeline in workbench.view.explorer
2023-06-04 17:36:04.143 [info] Added views:workbench.explorer.fileView in workbench.view.explorer
2023-06-04 17:36:04.318 [info] Added views:workbench.debug.welcome in workbench.view.debug
2023-06-04 17:36:04.575 [info] Added views:workbench.views.extensions.installed,extensions.recommendedList in workbench.view.extensions
2023-06-04 17:36:05.180 [info] Added views:workbench.panel.repl.view in workbench.panel.repl
