2023-06-04 18:08:20.574 [info] Extension host with pid 39651 started
2023-06-04 18:08:20.664 [info] ExtensionService#_doActivateExtension vscode.github-authentication, startup: false, activationEvent: 'onAuthenticationRequest:github'
2023-06-04 18:08:20.738 [info] ExtensionService#_doActivateExtension vscode.git-base, startup: true, activationEvent: '*', root cause: vscode.git
2023-06-04 18:08:20.740 [info] ExtensionService#_doActivateExtension vscodevim.vim, startup: true, activationEvent: '*'
2023-06-04 18:08:20.829 [info] ExtensionService#_doActivateExtension vscode.git, startup: true, activationEvent: '*'
2023-06-04 18:08:20.845 [info] ExtensionService#_doActivateExtension vscode.github, startup: true, activationEvent: '*'
2023-06-04 18:08:20.866 [info] ExtensionService#_doActivateExtension vscode.microsoft-authentication, startup: false, activationEvent: 'onAuthenticationRequest:microsoft'
2023-06-04 18:08:20.919 [info] Eager extensions activated
2023-06-04 18:08:20.959 [info] ExtensionService#_doActivateExtension vscode.debug-auto-launch, startup: false, activationEvent: 'onStartupFinished'
2023-06-04 18:08:20.962 [info] ExtensionService#_doActivateExtension vscode.merge-conflict, startup: false, activationEvent: 'onStartupFinished'
2023-06-04 18:08:20.969 [info] ExtensionService#_doActivateExtension esbenp.prettier-vscode, startup: false, activationEvent: 'onStartupFinished'
2023-06-04 18:08:21.001 [info] ExtensionService#_doActivateExtension LeonardSSH.vscord, startup: false, activationEvent: 'onStartupFinished'
2023-06-04 18:08:21.076 [info] Extension host terminating: renderer closed the MessagePort
2023-06-04 18:08:21.157 [error] ProxyResolver#resolveProxy undefined Canceled: Canceled
    at new l (/usr/share/code/resources/app/out/vs/workbench/api/node/extensionHostProcess.js:98:104563)
    at a.O (/usr/share/code/resources/app/out/vs/workbench/api/node/extensionHostProcess.js:110:11657)
    at Proxy.H.<computed>.V.charCodeAt.H.<computed> (/usr/share/code/resources/app/out/vs/workbench/api/node/extensionHostProcess.js:110:8947)
    at e.ExtHostWorkspace.resolveProxy (/usr/share/code/resources/app/out/vs/workbench/api/node/extensionHostProcess.js:111:20361)
    at Object.resolveProxy (/usr/share/code/resources/app/out/vs/workbench/api/node/extensionHostProcess.js:90:22532)
    at useProxySettings (/usr/share/code/resources/app/node_modules.asar/@vscode/proxy-agent/out/index.js:159:16)
    at /usr/share/code/resources/app/node_modules.asar/@vscode/proxy-agent/out/index.js:107:13
    at /usr/share/code/resources/app/node_modules.asar/@vscode/proxy-agent/out/index.js:336:13 
2023-06-04 18:08:21.168 [info] Extension host with pid 39651 exiting with code 0
