2023-06-04 13:15:47.817 [info] Reading sessions from secret storage...
2023-06-04 13:15:47.817 [info] Got 0 stored sessions
2023-06-04 13:15:47.817 [info] Getting sessions for all scopes...
2023-06-04 13:15:47.817 [info] Got 0 sessions for all scopes...
2023-06-04 13:15:47.817 [info] Getting sessions for the following scopes: email offline_access openid profile
2023-06-04 13:15:47.818 [info] Got 0 sessions for scopes: email offline_access openid profile
2023-06-04 13:21:09.690 [info] Getting sessions for the following scopes: email offline_access openid profile
2023-06-04 13:21:09.690 [info] Got 0 sessions for scopes: email offline_access openid profile
2023-06-04 13:21:26.166 [info] Getting sessions for the following scopes: email offline_access openid profile
2023-06-04 13:21:26.166 [info] Got 0 sessions for scopes: email offline_access openid profile
2023-06-04 13:21:26.166 [info] Getting sessions for the following scopes: email offline_access openid profile
2023-06-04 13:21:26.166 [info] Got 0 sessions for scopes: email offline_access openid profile
2023-06-04 14:16:07.376 [info] Reading sessions from secret storage...
2023-06-04 14:16:07.376 [info] Got 0 stored sessions
2023-06-04 14:16:07.376 [info] Getting sessions for all scopes...
2023-06-04 14:16:07.376 [info] Got 0 sessions for all scopes...
2023-06-04 14:16:07.377 [info] Getting sessions for the following scopes: email offline_access openid profile
2023-06-04 14:16:07.377 [info] Got 0 sessions for scopes: email offline_access openid profile
2023-06-04 14:25:27.138 [info] Reading sessions from secret storage...
2023-06-04 14:25:27.138 [info] Got 0 stored sessions
2023-06-04 14:25:27.139 [info] Getting sessions for all scopes...
2023-06-04 14:25:27.139 [info] Got 0 sessions for all scopes...
2023-06-04 14:25:27.140 [info] Getting sessions for the following scopes: email offline_access openid profile
2023-06-04 14:25:27.140 [info] Got 0 sessions for scopes: email offline_access openid profile
