2023-06-04 14:33:38.361 [info] Reading sessions from keychain...
2023-06-04 14:33:38.361 [info] Getting sessions for all scopes...
2023-06-04 14:33:38.361 [info] Getting sessions for user:email...
2023-06-04 14:33:38.361 [info] Getting sessions for all scopes...
2023-06-04 14:33:38.361 [info] Got stored sessions!
2023-06-04 14:33:38.361 [info] Got 1 verified sessions.
2023-06-04 14:33:38.361 [info] Got 1 sessions for ...
2023-06-04 14:33:38.361 [info] Got 1 sessions for user:email...
2023-06-04 14:33:38.361 [info] Got 1 sessions for ...
2023-06-04 14:33:38.583 [info] Getting sessions for all scopes...
2023-06-04 14:33:38.583 [info] Got 1 sessions for ...
2023-06-04 14:33:39.639 [info] Getting user info...
2023-06-04 14:33:39.854 [info] Got account info!
2023-06-04 14:53:45.386 [info] Reading sessions from keychain...
2023-06-04 14:53:45.386 [info] Getting sessions for all scopes...
2023-06-04 14:53:45.386 [info] Getting sessions for user:email...
2023-06-04 14:53:45.386 [info] Getting sessions for all scopes...
2023-06-04 14:53:45.386 [info] Getting sessions for user:email...
2023-06-04 14:53:45.386 [info] Got stored sessions!
2023-06-04 14:53:45.386 [info] Got 1 verified sessions.
2023-06-04 14:53:45.386 [info] Got 1 sessions for ...
2023-06-04 14:53:45.386 [info] Got 1 sessions for user:email...
2023-06-04 14:53:45.386 [info] Got 1 sessions for ...
2023-06-04 14:53:45.386 [info] Got 1 sessions for user:email...
2023-06-04 14:53:45.387 [info] Getting sessions for all scopes...
2023-06-04 14:53:45.387 [info] Got 1 sessions for ...
2023-06-04 14:53:46.681 [info] Getting user info...
2023-06-04 14:53:46.905 [info] Got account info!
2023-06-04 14:53:52.573 [info] Reading sessions from keychain...
2023-06-04 14:53:52.573 [info] Getting sessions for all scopes...
2023-06-04 14:53:52.573 [info] Getting sessions for user:email...
2023-06-04 14:53:52.573 [info] Got stored sessions!
2023-06-04 14:53:52.573 [info] Got 1 verified sessions.
2023-06-04 14:53:52.573 [info] Got 1 sessions for ...
2023-06-04 14:53:52.573 [info] Got 1 sessions for user:email...
2023-06-04 14:53:52.573 [info] Getting sessions for all scopes...
2023-06-04 14:53:52.573 [info] Got 1 sessions for ...
2023-06-04 14:53:52.665 [info] Getting sessions for user:email...
2023-06-04 14:53:52.665 [info] Got 1 sessions for user:email...
2023-06-04 14:53:52.670 [info] Getting sessions for all scopes...
2023-06-04 14:53:52.670 [info] Got 1 sessions for ...
2023-06-04 14:53:53.940 [info] Getting user info...
2023-06-04 14:53:54.163 [info] Got account info!
2023-06-04 14:54:02.774 [info] Reading sessions from keychain...
2023-06-04 14:54:02.774 [info] Getting sessions for all scopes...
2023-06-04 14:54:02.774 [info] Getting sessions for user:email...
2023-06-04 14:54:02.774 [info] Got stored sessions!
2023-06-04 14:54:02.774 [info] Got 1 verified sessions.
2023-06-04 14:54:02.774 [info] Got 1 sessions for ...
2023-06-04 14:54:02.774 [info] Got 1 sessions for user:email...
2023-06-04 14:54:02.774 [info] Getting sessions for all scopes...
2023-06-04 14:54:02.774 [info] Got 1 sessions for ...
2023-06-04 14:54:03.166 [info] Getting sessions for user:email...
2023-06-04 14:54:03.166 [info] Got 1 sessions for user:email...
2023-06-04 14:54:03.166 [info] Getting sessions for all scopes...
2023-06-04 14:54:03.166 [info] Got 1 sessions for ...
2023-06-04 14:54:04.059 [info] Getting user info...
2023-06-04 14:54:04.284 [info] Got account info!
2023-06-04 14:54:50.036 [info] Reading sessions from keychain...
2023-06-04 14:54:50.036 [info] Getting sessions for all scopes...
2023-06-04 14:54:50.036 [info] Getting sessions for user:email...
2023-06-04 14:54:50.036 [info] Getting sessions for all scopes...
2023-06-04 14:54:50.036 [info] Getting sessions for user:email...
2023-06-04 14:54:50.036 [info] Getting sessions for all scopes...
2023-06-04 14:54:50.036 [info] Got stored sessions!
2023-06-04 14:54:50.036 [info] Got 1 verified sessions.
2023-06-04 14:54:50.036 [info] Got 1 sessions for ...
2023-06-04 14:54:50.036 [info] Got 1 sessions for user:email...
2023-06-04 14:54:50.036 [info] Got 1 sessions for ...
2023-06-04 14:54:50.036 [info] Got 1 sessions for user:email...
2023-06-04 14:54:50.036 [info] Got 1 sessions for ...
2023-06-04 14:54:51.343 [info] Getting user info...
2023-06-04 14:54:52.592 [info] Got account info!
2023-06-04 14:54:57.526 [info] Reading sessions from keychain...
2023-06-04 14:54:57.526 [info] Getting sessions for all scopes...
2023-06-04 14:54:57.526 [info] Getting sessions for user:email...
2023-06-04 14:54:57.526 [info] Got stored sessions!
2023-06-04 14:54:57.526 [info] Got 1 verified sessions.
2023-06-04 14:54:57.526 [info] Got 1 sessions for ...
2023-06-04 14:54:57.526 [info] Got 1 sessions for user:email...
2023-06-04 14:54:57.526 [info] Getting sessions for all scopes...
2023-06-04 14:54:57.526 [info] Got 1 sessions for ...
2023-06-04 14:54:57.526 [info] Getting sessions for user:email...
2023-06-04 14:54:57.526 [info] Got 1 sessions for user:email...
2023-06-04 14:54:57.528 [info] Getting sessions for all scopes...
2023-06-04 14:54:57.528 [info] Got 1 sessions for ...
2023-06-04 14:54:58.809 [info] Getting user info...
2023-06-04 14:54:59.065 [info] Got account info!
2023-06-04 15:46:15.862 [info] Reading sessions from keychain...
2023-06-04 15:46:15.862 [info] Getting sessions for all scopes...
2023-06-04 15:46:15.862 [info] Getting sessions for user:email...
2023-06-04 15:46:15.862 [info] Getting sessions for all scopes...
2023-06-04 15:46:15.862 [info] Got stored sessions!
2023-06-04 15:46:15.862 [info] Got 1 verified sessions.
2023-06-04 15:46:15.862 [info] Got 1 sessions for ...
2023-06-04 15:46:15.862 [info] Got 1 sessions for user:email...
2023-06-04 15:46:15.862 [info] Got 1 sessions for ...
2023-06-04 15:46:15.862 [info] Getting sessions for user:email...
2023-06-04 15:46:15.862 [info] Got 1 sessions for user:email...
2023-06-04 15:46:15.874 [info] Getting sessions for all scopes...
2023-06-04 15:46:15.874 [info] Got 1 sessions for ...
2023-06-04 15:46:17.166 [info] Getting user info...
2023-06-04 15:46:17.398 [info] Got account info!
2023-06-04 15:53:26.816 [info] Reading sessions from keychain...
2023-06-04 15:53:26.816 [info] Getting sessions for all scopes...
2023-06-04 15:53:26.816 [info] Getting sessions for user:email...
2023-06-04 15:53:26.816 [info] Got stored sessions!
2023-06-04 15:53:26.816 [info] Got 1 verified sessions.
2023-06-04 15:53:26.816 [info] Got 1 sessions for ...
2023-06-04 15:53:26.816 [info] Got 1 sessions for user:email...
2023-06-04 15:53:26.816 [info] Getting sessions for all scopes...
2023-06-04 15:53:26.816 [info] Got 1 sessions for ...
2023-06-04 15:53:26.853 [info] Getting sessions for user:email...
2023-06-04 15:53:26.853 [info] Got 1 sessions for user:email...
2023-06-04 15:53:26.940 [info] Getting sessions for all scopes...
2023-06-04 15:53:26.940 [info] Got 1 sessions for ...
2023-06-04 15:53:28.100 [info] Getting user info...
2023-06-04 15:53:28.331 [info] Got account info!
2023-06-04 17:36:05.948 [info] Reading sessions from keychain...
2023-06-04 17:36:05.948 [info] Getting sessions for all scopes...
2023-06-04 17:36:05.948 [info] Getting sessions for user:email...
2023-06-04 17:36:05.948 [info] Got stored sessions!
2023-06-04 17:36:05.948 [info] Got 1 verified sessions.
2023-06-04 17:36:05.948 [info] Got 1 sessions for ...
2023-06-04 17:36:05.948 [info] Got 1 sessions for user:email...
2023-06-04 17:36:06.105 [info] Getting sessions for all scopes...
2023-06-04 17:36:06.105 [info] Got 1 sessions for ...
2023-06-04 17:36:06.109 [info] Getting sessions for all scopes...
2023-06-04 17:36:06.110 [info] Got 1 sessions for ...
2023-06-04 17:36:06.765 [info] Getting user info...
2023-06-04 17:36:07.008 [info] Got account info!
