2023-06-04 14:33:38.361 [info] Configuration changed
2023-06-04 14:33:38.361 [info] Configuration changed
2023-06-04 14:33:38.361 [info] Configuration changed
2023-06-04 14:33:38.361 [info] Active editor: file:///home/koneko/Documents/Projects/react_native_jobs/app/_layout.js
2023-06-04 14:33:38.473 [info] Configuration changed
2023-06-04 14:33:38.742 [info] Configuration changed
2023-06-04 14:33:40.813 [info] /home/koneko/.config/Code/User/settings.json closed
2023-06-04 14:34:15.188 [info] /home/koneko/.config/Code/User/settings.json closed
2023-06-04 14:34:15.216 [info] Configuration changed
2023-06-04 14:34:19.997 [info] Configuration changed
2023-06-04 14:34:20.020 [info] /home/koneko/.config/Code/User/settings.json closed
2023-06-04 14:34:21.736 [info] Configuration changed
2023-06-04 14:34:21.756 [info] /home/koneko/.config/Code/User/settings.json closed
2023-06-04 14:34:25.153 [info] /home/koneko/.config/Code/User/settings.json closed
2023-06-04 14:34:25.190 [info] Configuration changed
2023-06-04 14:34:28.604 [info] /home/koneko/.config/Code/User/settings.json closed
2023-06-04 14:34:28.664 [info] Configuration changed
2023-06-04 14:34:29.493 [info] Active editor: file:///home/koneko/Documents/Projects/react_native_jobs/app/_layout.js
2023-06-04 14:34:43.983 [info] Active editor: file:///home/koneko/Documents/Projects/react_native_jobs/app/_layout.js
2023-06-04 14:34:44.329 [info] /home/koneko/.config/Code/User/settings.json closed
2023-06-04 14:34:44.379 [info] Configuration changed
2023-06-04 14:34:56.553 [info] Active editor: file:///home/koneko/Documents/Projects/react_native_jobs/app/_layout.js
2023-06-04 14:34:56.668 [info] Configuration changed
2023-06-04 14:34:56.680 [info] /home/koneko/.config/Code/User/settings.json closed
2023-06-04 14:35:05.100 [info] Active editor: vscode-userdata:/home/koneko/.config/Code/User/settings.json
2023-06-04 14:35:09.293 [info] Executing :w
2023-06-04 14:35:09.592 [info] Configuration changed
2023-06-04 14:35:16.886 [info] Executing :w
2023-06-04 14:35:26.327 [info] Executing :w
2023-06-04 14:35:27.510 [info] Configuration changed
2023-06-04 14:35:38.336 [info] Executing :w
2023-06-04 14:35:38.931 [info] Configuration changed
2023-06-04 14:35:42.193 [info] Executing :w
2023-06-04 14:35:43.882 [info] Configuration changed
2023-06-04 14:35:46.961 [info] Executing :w
2023-06-04 14:35:47.282 [info] Configuration changed
2023-06-04 14:35:50.914 [info] Executing :w
2023-06-04 14:36:14.701 [info] Executing :w
2023-06-04 14:36:16.454 [info] Configuration changed
2023-06-04 14:36:19.494 [info] Executing :w
2023-06-04 14:36:24.518 [info] Executing :w
2023-06-04 14:36:24.846 [info] Configuration changed
2023-06-04 14:36:28.414 [info] Executing :w
2023-06-04 14:36:29.958 [info] Executing :w
2023-06-04 14:36:32.768 [info] Active editor: file:///home/koneko/Documents/Projects/react_native_jobs/app/_layout.js
2023-06-04 14:36:50.145 [info] Executing :
2023-06-04 14:36:51.090 [info] Executing :w
2023-06-04 14:37:15.182 [info] /settings/user closed
2023-06-04 14:37:15.350 [info] /settings/resourceLanguage closed
2023-06-04 14:37:15.353 [info] /ignoredSettings closed
2023-06-04 14:37:15.384 [info] /launch closed
2023-06-04 14:37:15.385 [info] /token-styling closed
2023-06-04 14:37:15.386 [info] /textmate-colors closed
2023-06-04 14:37:15.390 [info] /workbench-colors closed
2023-06-04 14:38:53.137 [info] Executing :w
2023-06-04 14:39:17.460 [info] Executing :w
2023-06-04 14:39:31.230 [info] Executing :w
2023-06-04 14:39:37.465 [info] Active editor: file:///home/koneko/Documents/Projects/react_native_jobs/index.js
2023-06-04 14:39:40.991 [info] Executing :w
2023-06-04 14:39:44.504 [info] Active editor: untitled:Untitled-1
2023-06-04 14:39:47.433 [info] Untitled-1 closed
2023-06-04 14:39:47.455 [info] Active editor: file:///home/koneko/Documents/Projects/react_native_jobs/index.js
2023-06-04 14:39:55.310 [info] Active editor: file:///home/koneko/Documents/Projects/react_native_jobs/app/index.js
2023-06-04 14:40:15.247 [info] /settings/user closed
2023-06-04 14:40:15.457 [info] /settings/resourceLanguage closed
2023-06-04 14:40:15.460 [info] /ignoredSettings closed
2023-06-04 14:40:15.505 [info] /launch closed
2023-06-04 14:40:15.506 [info] /token-styling closed
2023-06-04 14:40:15.506 [info] /textmate-colors closed
2023-06-04 14:40:15.511 [info] /workbench-colors closed
2023-06-04 14:40:19.859 [info] Executing :w
2023-06-04 14:41:21.691 [info] Executing :w
2023-06-04 14:41:29.429 [info] Executing :w
2023-06-04 14:43:15.332 [info] /settings/user closed
2023-06-04 14:43:15.552 [info] /settings/resourceLanguage closed
2023-06-04 14:43:15.554 [info] /ignoredSettings closed
2023-06-04 14:43:15.714 [info] /launch closed
2023-06-04 14:43:15.726 [info] /token-styling closed
2023-06-04 14:43:15.726 [info] /textmate-colors closed
2023-06-04 14:43:15.730 [info] /workbench-colors closed
2023-06-04 14:46:15.391 [info] /settings/user closed
2023-06-04 14:46:15.597 [info] /settings/resourceLanguage closed
2023-06-04 14:46:15.599 [info] /ignoredSettings closed
2023-06-04 14:46:15.808 [info] /launch closed
2023-06-04 14:46:15.975 [info] /token-styling closed
2023-06-04 14:46:15.976 [info] /textmate-colors closed
2023-06-04 14:46:15.977 [info] /workbench-colors closed
2023-06-04 14:49:15.481 [info] /settings/user closed
2023-06-04 14:49:15.683 [info] /settings/resourceLanguage closed
2023-06-04 14:49:15.690 [info] /ignoredSettings closed
2023-06-04 14:49:15.916 [info] /launch closed
2023-06-04 14:49:16.087 [info] /token-styling closed
2023-06-04 14:49:16.088 [info] /textmate-colors closed
2023-06-04 14:49:16.088 [info] /workbench-colors closed
2023-06-04 14:49:30.316 [info] Active editor: file:///home/koneko/Documents/Projects/react_native_jobs/constants/index.js
2023-06-04 14:49:38.833 [info] Executing :w
2023-06-04 14:50:02.894 [info] Active editor: file:///home/koneko/Documents/Projects/react_native_jobs/constants/theme.js
2023-06-04 14:50:05.740 [info] Executing :w
2023-06-04 14:51:06.367 [info] Active editor: file:///home/koneko/Documents/Projects/react_native_jobs/styles/search.js
2023-06-04 14:51:13.533 [info] Executing :w
2023-06-04 14:52:15.582 [info] /settings/user closed
2023-06-04 14:52:15.747 [info] /settings/resourceLanguage closed
2023-06-04 14:52:15.750 [info] /ignoredSettings closed
2023-06-04 14:52:16.050 [info] /launch closed
2023-06-04 14:52:16.218 [info] /token-styling closed
2023-06-04 14:52:16.218 [info] /textmate-colors closed
2023-06-04 14:52:16.219 [info] /workbench-colors closed
2023-06-04 14:54:05.221 [info] /home/koneko/.config/Code/Workspaces/1685883217238/workspace.json closed
2023-06-04 14:54:32.382 [info] /home/koneko/.config/Code/Workspaces/1685883217238/workspace.json closed
2023-06-04 14:54:41.586 [info] /home/koneko/.config/Code/Workspaces/1685883217238/workspace.json closed
2023-06-04 14:56:12.334 [info] /home/koneko/Documents/Projects/react_native_jobs/styles/search.js closed
2023-06-04 14:56:12.335 [info] /home/koneko/Documents/Projects/react_native_jobs/styles/search.js.git closed
2023-06-04 14:56:12.345 [info] Active editor: file:///home/koneko/Documents/Projects/react_native_jobs/constants/theme.js
2023-06-04 14:56:13.932 [info] /home/koneko/Documents/Projects/react_native_jobs/constants/theme.js closed
2023-06-04 14:56:13.932 [info] /home/koneko/Documents/Projects/react_native_jobs/constants/theme.js.git closed
2023-06-04 14:56:13.941 [info] Active editor: file:///home/koneko/Documents/Projects/react_native_jobs/constants/index.js
2023-06-04 14:56:14.332 [info] /home/koneko/Documents/Projects/react_native_jobs/app/_layout.js closed
2023-06-04 14:56:14.333 [info] /home/koneko/Documents/Projects/react_native_jobs/app/_layout.js.git closed
2023-06-04 14:56:15.497 [info] Active editor: file:///home/koneko/Documents/Projects/react_native_jobs/index.js
2023-06-04 14:57:58.010 [info] /settings/user closed
2023-06-04 14:58:37.196 [info] Active editor: file:///home/koneko/Documents/Projects/react_native_jobs/app/index.js
2023-06-04 14:58:45.622 [info] Executing :w
2023-06-04 14:59:10.832 [info] Executing :w
2023-06-04 15:00:58.172 [info] /settings/user closed
2023-06-04 15:03:58.240 [info] /settings/user closed
2023-06-04 15:04:02.147 [info] Active editor: vscode-userdata:/home/koneko/.config/Code/User/settings.json
2023-06-04 15:04:02.670 [info] Configuration changed
2023-06-04 15:06:16.261 [info] Active editor: file:///home/koneko/Documents/Projects/react_native_jobs/index.js
2023-06-04 15:06:58.353 [info] /settings/user closed
2023-06-04 15:09:02.409 [info] /home/koneko/.config/Code/User/keybindings.json closed
2023-06-04 15:10:10.526 [info] /home/koneko/.config/Code/User/keybindings.json closed
2023-06-04 15:10:13.541 [info] Active editor: file:///home/koneko/Documents/Projects/react_native_jobs/app/index.js
2023-06-04 15:10:22.756 [info] Executing :w
2023-06-04 15:11:01.402 [info] Executing :w
2023-06-04 15:11:27.132 [info] Executing :w
2023-06-04 15:11:28.036 [info] Executing :w
2023-06-04 15:11:30.061 [info] Executing :w
2023-06-04 15:12:09.754 [info] Executing :w
2023-06-04 15:12:10.674 [info] Executing :w
2023-06-04 15:12:30.820 [info] Executing :w
2023-06-04 15:12:56.424 [info] Executing :w
2023-06-04 15:13:05.717 [info] Configuration changed
2023-06-04 15:13:05.744 [info] Configuration changed
2023-06-04 15:13:15.034 [info] Active editor: file:///home/koneko/Documents/Projects/react_native_jobs/constants/index.js
2023-06-04 15:13:16.037 [info] Active editor: file:///home/koneko/Documents/Projects/react_native_jobs/app/index.js
2023-06-04 15:13:17.271 [info] /home/koneko/Documents/Projects/react_native_jobs/constants/index.js closed
2023-06-04 15:13:17.271 [info] /home/koneko/Documents/Projects/react_native_jobs/constants/index.js.git closed
2023-06-04 15:13:20.034 [info] Executing :w
2023-06-04 15:13:31.044 [info] Executing :w
2023-06-04 15:13:50.215 [info] Executing :w
2023-06-04 15:14:04.360 [info] Executing :w
2023-06-04 15:14:50.350 [info] Executing :w
2023-06-04 15:14:53.974 [info] Executing :w
2023-06-04 15:17:17.617 [info] Executing :w
2023-06-04 15:17:18.497 [info] Executing :w
2023-06-04 15:19:27.944 [info] Active editor: file:///home/koneko/Documents/Projects/react_native_jobs/components/home/nearby/Nearbyjobs.jsx
2023-06-04 15:19:30.931 [info] Active editor: file:///home/koneko/Documents/Projects/react_native_jobs/index.js
2023-06-04 15:19:36.409 [info] /home/koneko/Documents/Projects/react_native_jobs/index.js closed
2023-06-04 15:19:36.409 [info] /home/koneko/Documents/Projects/react_native_jobs/index.js.git closed
2023-06-04 15:19:36.416 [info] Active editor: file:///home/koneko/Documents/Projects/react_native_jobs/components/home/nearby/Nearbyjobs.jsx
2023-06-04 15:19:40.029 [info] Active editor: file:///home/koneko/Documents/Projects/react_native_jobs/app/index.js
2023-06-04 15:20:24.840 [info] Executing :w
2023-06-04 15:20:40.858 [info] Executing :w
2023-06-04 15:22:28.014 [info] Active editor: file:///home/koneko/Documents/Projects/react_native_jobs/components/home/nearby/Nearbyjobs.jsx
2023-06-04 15:24:36.255 [info] Active editor: file:///home/koneko/Documents/Projects/react_native_jobs/hook/useFetch.js
2023-06-04 15:24:45.265 [info] Executing :w
2023-06-04 15:25:11.874 [info] /home/koneko/Documents/Projects/react_native_jobs/components/home/nearby/Nearbyjobs.jsx closed
2023-06-04 15:25:11.875 [info] /home/koneko/Documents/Projects/react_native_jobs/components/home/nearby/Nearbyjobs.jsx.git closed
2023-06-04 15:25:11.893 [info] Active editor: file:///home/koneko/Documents/Projects/react_native_jobs/utils/index.js
2023-06-04 15:25:18.869 [info] Executing :w
2023-06-04 15:25:20.268 [warning] :w failed
2023-06-04 15:25:20.510 [info] Executing :w
2023-06-04 15:25:39.011 [info] /home/koneko/Documents/Projects/react_native_jobs/utils/index.js closed
2023-06-04 15:25:39.011 [info] /home/koneko/Documents/Projects/react_native_jobs/utils/index.js.git closed
2023-06-04 15:25:39.020 [info] Active editor: file:///home/koneko/Documents/Projects/react_native_jobs/hook/useFetch.js
2023-06-04 15:25:39.866 [info] /home/koneko/Documents/Projects/react_native_jobs/hook/useFetch.js closed
2023-06-04 15:25:39.866 [info] /home/koneko/Documents/Projects/react_native_jobs/hook/useFetch.js.git closed
2023-06-04 15:25:39.875 [info] Active editor: file:///home/koneko/Documents/Projects/react_native_jobs/app/index.js
2023-06-04 15:25:49.104 [info] Executing :w
2023-06-04 15:25:55.361 [info] Executing :w
2023-06-04 15:26:28.565 [info] Executing :w
2023-06-04 15:26:31.304 [info] Active editor: output:extension-output-esbenp.prettier-vscode-%231-Prettier
2023-06-04 15:26:36.455 [info] Active editor: file:///home/koneko/Documents/Projects/react_native_jobs/app/index.js
2023-06-04 15:26:36.470 [info] extension-output-esbenp.prettier-vscode-#1-Prettier closed
2023-06-04 15:27:43.607 [info] Executing :w
2023-06-04 15:28:30.406 [info] Executing :w
2023-06-04 15:28:56.368 [info] Executing :w
2023-06-04 15:29:30.612 [info] Executing :
2023-06-04 15:29:32.381 [info] Executing :w
2023-06-04 15:30:16.297 [info] Executing :w
2023-06-04 15:30:40.277 [info] Executing :w
2023-06-04 15:31:10.560 [info] Executing :w
2023-06-04 15:31:35.300 [info] Executing :w
2023-06-04 15:31:40.532 [info] Executing :w
2023-06-04 15:31:47.692 [info] Executing :w
2023-06-04 15:32:12.928 [info] Executing :w
2023-06-04 15:32:24.418 [info] Executing :w
2023-06-04 15:32:42.700 [info] Executing :w
2023-06-04 15:32:49.541 [info] Executing :w
2023-06-04 15:33:02.527 [info] Executing :w
2023-06-04 15:34:44.488 [info] Configuration changed
2023-06-04 15:34:44.694 [info] Active editor: file:///home/koneko/Documents/Projects/react_native_jobs/app/index.js
2023-06-04 15:34:46.603 [info] Executing :w
2023-06-04 15:34:50.836 [info] Executing :w
2023-06-04 15:35:05.658 [info] Active editor: file:///home/koneko/Documents/Projects/react_native_jobs/app/index.js
2023-06-04 15:35:18.782 [info] Configuration changed
2023-06-04 15:35:20.832 [info] Executing :w
2023-06-04 15:35:22.576 [info] Executing :w
2023-06-04 15:36:08.398 [info] Executing :w
2023-06-04 15:36:33.946 [info] Executing :w
2023-06-04 15:36:34.481 [warning] :w failed
2023-06-04 15:36:36.353 [info] Executing :w
2023-06-04 15:36:47.971 [info] Executing :w
2023-06-04 15:36:54.839 [info] /home/koneko/Documents/Projects/react_native_jobs/app/index.js closed
2023-06-04 15:36:54.840 [info] /home/koneko/Documents/Projects/react_native_jobs/app/index.js.git closed
2023-06-04 15:37:04.687 [info] Active editor: file:///home/koneko/Documents/Projects/react_native_jobs/app/index.js
2023-06-04 15:37:13.733 [info] Executing :w
2023-06-04 15:37:22.063 [info] Executing :w
2023-06-04 15:37:58.044 [info] Searching for screenheader
2023-06-04 15:38:00.905 [info] /home/koneko/Documents/Projects/react_native_jobs/node_modules/react-native/Libraries/Components/View/ViewPropTypes.d.ts closed
2023-06-04 15:38:00.968 [info] /home/koneko/Documents/Projects/react_native_jobs/node_modules/expo-router/src/link/useRouter.ts closed
2023-06-04 15:38:01.163 [info] /home/koneko/Documents/Projects/react_native_jobs/components/index.js closed
2023-06-04 15:38:01.634 [info] /home/koneko/Documents/Projects/react_native_jobs/components/common/header/ScreenHeaderBtn.jsx closed
2023-06-04 15:38:02.188 [info] Active editor: file:///home/koneko/Documents/Projects/react_native_jobs/components/common/header/ScreenHeaderBtn.jsx
2023-06-04 15:38:02.574 [info] /home/koneko/Documents/Projects/react_native_jobs/node_modules/react-native/Libraries/Image/Image.d.ts closed
2023-06-04 15:38:02.597 [info] /home/koneko/Documents/Projects/react_native_jobs/node_modules/react-native/Libraries/Image/Image.d.ts closed
2023-06-04 15:38:02.731 [info] /home/koneko/Documents/Projects/react_native_jobs/node_modules/react-native/Libraries/Components/Touchable/TouchableWithoutFeedback.d.ts closed
2023-06-04 15:38:10.477 [info] Executing :w
2023-06-04 15:38:16.614 [info] Executing :w
2023-06-04 15:38:37.401 [info] Executing :w
2023-06-04 15:38:39.416 [info] Executing :w
2023-06-04 15:38:42.521 [info] Executing :w
2023-06-04 15:38:48.098 [info] Executing :w
2023-06-04 15:39:54.818 [info] Executing :w
2023-06-04 15:40:08.644 [info] Executing :w
2023-06-04 15:40:21.694 [info] Executing :w
2023-06-04 15:40:41.576 [info] Executing :w
2023-06-04 15:40:49.569 [info] Executing :w
2023-06-04 15:41:19.396 [info] Executing :w
2023-06-04 15:41:40.576 [info] Executing :w
2023-06-04 15:41:53.490 [info] Active editor: file:///home/koneko/Documents/Projects/react_native_jobs/app/index.js
2023-06-04 15:42:17.095 [info] Active editor: file:///home/koneko/Documents/Projects/react_native_jobs/app/index.js
2023-06-04 15:42:30.877 [info] Active editor: file:///home/koneko/Documents/Projects/react_native_jobs/constants/icons.js
2023-06-04 15:42:46.033 [info] Active editor: file:///home/koneko/Documents/Projects/react_native_jobs/components/common/header/ScreenHeaderBtn.jsx
2023-06-04 15:43:03.725 [info] Active editor: file:///home/koneko/Documents/Projects/react_native_jobs/app/index.js
2023-06-04 15:43:08.458 [info] Executing :w
2023-06-04 15:43:19.667 [info] Executing :
2023-06-04 15:43:20.420 [info] Executing :w
2023-06-04 15:44:38.308 [info] /home/koneko/Documents/Projects/react_native_jobs/app/index.js closed
2023-06-04 15:44:38.309 [info] /home/koneko/Documents/Projects/react_native_jobs/app/index.js.git closed
2023-06-04 15:44:38.331 [info] Active editor: file:///home/koneko/Documents/Projects/react_native_jobs/components/common/header/ScreenHeaderBtn.jsx
2023-06-04 15:44:38.552 [info] /home/koneko/Documents/Projects/react_native_jobs/constants/icons.js closed
2023-06-04 15:44:38.553 [info] /home/koneko/Documents/Projects/react_native_jobs/constants/icons.js.git closed
2023-06-04 15:44:39.638 [info] /home/koneko/Documents/Projects/react_native_jobs/components/common/header/ScreenHeaderBtn.jsx closed
2023-06-04 15:44:39.638 [info] /home/koneko/Documents/Projects/react_native_jobs/components/common/header/ScreenHeaderBtn.jsx.git closed
2023-06-04 15:46:15.036 [info] /home/koneko/.config/Code/Workspaces/1685883217238/workspace.json closed
2023-06-04 15:55:59.312 [info] Active editor: file:///home/koneko/Documents/Projects/RNCourse/babel.config.js
2023-06-04 15:56:14.077 [info] /home/koneko/Documents/Projects/RNCourse/babel.config.js closed
2023-06-04 15:56:14.078 [info] /home/koneko/Documents/Projects/RNCourse/babel.config.js.git closed
2023-06-04 15:56:15.308 [info] Active editor: file:///home/koneko/Documents/Projects/RNCourse/app.json
2023-06-04 15:56:49.089 [info] /home/koneko/Documents/Projects/RNCourse/app.json closed
2023-06-04 15:56:49.089 [info] /home/koneko/Documents/Projects/RNCourse/app.json.git closed
2023-06-04 15:56:49.122 [info] Active editor: file:///home/koneko/Documents/Projects/RNCourse/App.js
2023-06-04 16:06:01.187 [info] Configuration changed
2023-06-04 16:06:02.698 [info] /home/koneko/Documents/Projects/RNCourse/App.js closed
2023-06-04 16:06:02.698 [info] /home/koneko/Documents/Projects/RNCourse/App.js.git closed
2023-06-04 16:06:02.734 [info] Active editor: file:///home/koneko/Documents/Projects/RNCourse/app/index.js
2023-06-04 16:06:11.258 [info] /home/koneko/Documents/Projects/RNCourse/app/index.js closed
2023-06-04 16:06:11.264 [info] Active editor: file:///home/koneko/Documents/Projects/RNCourse/app/index.js
2023-06-04 16:06:34.704 [info] /home/koneko/Documents/Projects/RNCourse/app/index.js closed
2023-06-04 16:06:34.705 [info] /home/koneko/Documents/Projects/RNCourse/app/index.js.git closed
2023-06-04 16:06:34.728 [info] Active editor: file:///home/koneko/Documents/Projects/RNCourse/App.js
2023-06-04 16:09:08.151 [info] /home/koneko/Documents/Projects/RNCourse/App.js closed
2023-06-04 16:09:08.152 [info] /home/koneko/Documents/Projects/RNCourse/App.js.git closed
2023-06-04 16:09:08.174 [info] Active editor: file:///home/koneko/Documents/Projects/RNCourse/.gitignore
2023-06-04 16:09:18.551 [info] /home/koneko/Documents/Projects/RNCourse/.gitignore closed
2023-06-04 16:09:18.552 [info] /home/koneko/Documents/Projects/RNCourse/.gitignore.git closed
2023-06-04 16:09:18.568 [info] Active editor: file:///home/koneko/Documents/Projects/RNCourse/App.js
2023-06-04 16:09:29.337 [info] Executing :w
2023-06-04 16:09:38.122 [info] Executing :w
2023-06-04 16:09:44.882 [info] Executing :w
2023-06-04 16:10:00.076 [info] Executing :w
2023-06-04 16:11:55.611 [info] Executing :w
2023-06-04 16:12:01.315 [info] Executing :w
2023-06-04 16:12:03.324 [warning] :w failed
2023-06-04 16:12:07.084 [info] Executing :w
2023-06-04 16:12:36.183 [info] Executing :w
2023-06-04 16:12:45.185 [info] Executing :w
2023-06-04 16:12:56.922 [info] Executing :w
2023-06-04 16:13:51.817 [info] Executing :w
2023-06-04 16:13:53.729 [info] Executing :w
2023-06-04 16:14:07.723 [info] Executing :w
2023-06-04 16:14:10.019 [info] Executing :w
2023-06-04 16:14:19.069 [info] Executing :w
2023-06-04 16:14:27.718 [info] Executing :w
2023-06-04 16:15:03.291 [info] Executing :w
2023-06-04 16:15:05.554 [info] Executing :w
2023-06-04 16:15:47.536 [info] Executing :w
2023-06-04 16:16:53.664 [info] Executing :w
2023-06-04 16:17:02.281 [info] Executing :w
2023-06-04 16:17:07.738 [info] Executing :w
2023-06-04 16:17:13.746 [info] Executing :w
2023-06-04 16:17:27.196 [info] Executing :w
2023-06-04 16:18:59.063 [info] Executing :w
2023-06-04 16:19:44.238 [info] Executing :w
2023-06-04 16:19:57.863 [info] Executing :w
2023-06-04 16:20:00.015 [info] Executing :w
2023-06-04 16:20:15.497 [info] Executing :w
2023-06-04 16:21:35.107 [info] Executing :w
2023-06-04 16:21:48.125 [info] Configuration changed
2023-06-04 16:21:52.470 [info] Configuration changed
2023-06-04 16:21:58.449 [info] Configuration changed
2023-06-04 16:22:01.278 [info] Executing :w
2023-06-04 16:22:10.551 [info] Executing :w
2023-06-04 16:22:14.384 [info] Executing :w
2023-06-04 16:22:20.009 [info] Executing :w
2023-06-04 16:22:33.700 [info] Executing :w
2023-06-04 16:22:34.848 [warning] :w failed
2023-06-04 16:22:41.067 [info] Executing :w
2023-06-04 16:24:00.005 [info] Executing :w
2023-06-04 16:24:38.353 [info] Executing :w
2023-06-04 16:25:20.007 [info] Executing :w
2023-06-04 16:25:29.504 [info] Executing :w
2023-06-04 16:25:45.827 [info] Executing :w
2023-06-04 16:25:47.250 [info] Executing :w
2023-06-04 16:25:48.836 [warning] :w failed
2023-06-04 16:25:57.963 [info] Executing :w
2023-06-04 16:25:58.717 [warning] :w failed
2023-06-04 16:26:04.428 [info] Executing :w
2023-06-04 16:27:53.506 [info] Executing :w
2023-06-04 16:28:11.633 [info] /home/koneko/Documents/Projects/RNCourse/node_modules/react-native/Libraries/Components/TextInput/TextInput.d.ts closed
2023-06-04 16:28:23.934 [info] Executing :w
2023-06-04 16:28:44.201 [info] Executing :w
2023-06-04 16:29:01.419 [info] Executing :w
2023-06-04 16:29:03.395 [info] Executing :w
2023-06-04 16:29:26.534 [info] Executing :w
2023-06-04 16:29:34.519 [info] Executing :w
2023-06-04 16:29:37.256 [info] Executing :we
2023-06-04 16:29:39.831 [info] Executing :w
2023-06-04 16:30:03.475 [info] Executing :w
2023-06-04 16:30:05.467 [info] Executing :w
2023-06-04 16:30:21.021 [info] Executing :w
2023-06-04 16:30:28.543 [info] Executing :w
2023-06-04 16:31:13.076 [info] Executing :w
2023-06-04 16:34:11.090 [info] Executing :w
2023-06-04 16:34:25.067 [info] Executing :w
2023-06-04 16:34:33.988 [info] Executing :w
2023-06-04 16:34:58.671 [info] Executing :w
2023-06-04 16:35:05.713 [info] Executing :w
2023-06-04 16:35:21.194 [info] Executing :w
2023-06-04 16:35:28.139 [info] Executing :w
2023-06-04 16:35:40.709 [info] Executing :w
2023-06-04 16:35:42.529 [warning] :w failed
2023-06-04 16:36:12.393 [info] Executing :w
2023-06-04 16:36:32.707 [info] Executing :w
2023-06-04 16:36:49.749 [info] Executing :w
2023-06-04 16:37:18.281 [info] Executing :w
2023-06-04 16:37:29.922 [info] Executing :w
2023-06-04 16:50:16.067 [info] Executing :w
2023-06-04 16:50:30.836 [info] Executing :w
2023-06-04 16:50:48.462 [info] Executing :w
2023-06-04 16:51:30.132 [info] Executing :w
2023-06-04 16:51:39.613 [info] Executing :w
2023-06-04 16:51:43.087 [info] Executing :w
2023-06-04 16:52:46.093 [info] Executing :w
2023-06-04 16:53:23.787 [info] Executing :w
2023-06-04 16:53:34.108 [info] Executing :w
2023-06-04 16:53:49.190 [info] Executing :w
2023-06-04 16:55:06.560 [info] Executing :w
2023-06-04 16:55:18.137 [info] Executing :w
2023-06-04 16:55:53.830 [info] Executing :w
2023-06-04 16:56:13.105 [info] Executing :w
2023-06-04 16:56:25.714 [info] Executing :w
2023-06-04 16:56:29.506 [info] Executing :w
2023-06-04 16:56:47.516 [info] Executing :w
2023-06-04 16:56:55.734 [info] Executing :w
2023-06-04 16:56:58.062 [info] Executing :w
2023-06-04 16:57:03.135 [info] Executing :w
2023-06-04 16:59:06.695 [info] Executing :w
2023-06-04 16:59:26.848 [info] Executing :w
2023-06-04 16:59:45.683 [info] Executing :w
2023-06-04 17:00:27.376 [info] Executing :w
2023-06-04 17:01:00.148 [info] Executing :w
2023-06-04 17:01:05.941 [info] Executing :w
2023-06-04 17:01:15.070 [info] Executing :w
2023-06-04 17:01:46.858 [info] Executing :w
2023-06-04 17:02:04.268 [info] Executing :w
2023-06-04 17:02:21.846 [info] Executing :w
2023-06-04 17:02:24.359 [info] Executing :w
2023-06-04 17:02:34.200 [info] Executing :w
2023-06-04 17:02:47.554 [info] Executing :w
2023-06-04 17:03:46.624 [info] Executing :w
2023-06-04 17:03:50.017 [info] Executing :w
2023-06-04 17:04:01.963 [info] Executing :w
2023-06-04 17:04:36.632 [info] Executing :w
2023-06-04 17:05:24.957 [info] Executing :w
2023-06-04 17:06:57.170 [info] Executing :w
2023-06-04 17:06:59.330 [info] Executing :w
2023-06-04 17:08:25.085 [info] Executing :w
2023-06-04 17:08:44.223 [info] Executing :w
2023-06-04 17:09:16.011 [info] Executing :w
2023-06-04 17:09:27.284 [info] Executing :w
2023-06-04 17:09:30.013 [info] Executing :w
2023-06-04 17:11:22.812 [info] Executing :w
2023-06-04 17:11:26.716 [info] Executing :w
2023-06-04 17:11:40.526 [info] Executing :w
2023-06-04 17:12:02.193 [info] Executing :w
2023-06-04 17:12:53.055 [info] Executing :w
2023-06-04 17:13:25.131 [info] Executing :w
2023-06-04 17:13:51.918 [info] Executing :w
2023-06-04 17:14:10.817 [info] Executing :w
2023-06-04 17:14:37.836 [info] Executing :w
2023-06-04 17:15:12.704 [info] Executing :w
2023-06-04 17:15:37.884 [info] Executing :w
2023-06-04 17:17:30.066 [info] Executing :w
2023-06-04 17:17:54.348 [info] Executing :w
2023-06-04 17:18:23.296 [info] Executing :w
2023-06-04 17:18:35.546 [info] Executing :w
2023-06-04 17:18:44.507 [info] Executing :w
2023-06-04 17:19:07.614 [info] Executing :w
2023-06-04 17:19:40.666 [info] Executing :w
2023-06-04 17:20:13.142 [info] Executing :w
2023-06-04 17:21:01.813 [info] Executing :w
2023-06-04 17:21:23.391 [info] Executing :w
2023-06-04 17:21:43.113 [info] Executing :w
2023-06-04 17:22:01.379 [info] Executing :w
2023-06-04 17:22:20.854 [info] Executing :w
2023-06-04 17:22:38.656 [info] Executing :w
2023-06-04 17:22:45.913 [info] Executing :w
2023-06-04 17:22:52.147 [info] Executing :we
2023-06-04 17:22:53.842 [info] Executing :w
2023-06-04 17:23:04.332 [info] Executing :w
2023-06-04 17:23:16.021 [info] Executing :w
2023-06-04 17:23:24.598 [info] Executing :w
2023-06-04 17:23:38.600 [info] Executing :w
2023-06-04 17:23:41.760 [info] Executing :w
2023-06-04 17:24:27.030 [info] Executing :w
2023-06-04 17:24:41.272 [info] Executing :w
2023-06-04 17:24:43.232 [info] Executing :w
2023-06-04 17:24:51.185 [info] Executing :w
2023-06-04 17:24:55.130 [info] Executing :w
2023-06-04 17:25:10.155 [info] Executing :w
2023-06-04 17:25:14.396 [info] Executing :w
2023-06-04 17:25:22.837 [info] Executing :w
2023-06-04 17:26:17.308 [info] Executing :w
2023-06-04 17:26:24.557 [info] Executing :w
2023-06-04 17:26:40.895 [info] Executing :w
2023-06-04 17:29:00.764 [warning] invalid cursor position. [[36, 22] | [36, 22]].
2023-06-04 17:29:05.233 [info] Executing :w
2023-06-04 17:29:24.435 [info] Executing :w
2023-06-04 17:29:27.468 [info] Executing :w
2023-06-04 17:29:37.933 [info] Executing :w
2023-06-04 17:29:42.509 [info] Executing :w
2023-06-04 17:29:49.710 [info] Executing :w
2023-06-04 17:30:18.258 [info] Executing :w
2023-06-04 17:30:30.779 [info] Executing :w
2023-06-04 17:30:46.094 [info] Executing :w
2023-06-04 17:31:01.832 [info] Executing :w
2023-06-04 17:33:30.258 [info] Executing :w
2023-06-04 17:33:48.556 [info] Executing :w
2023-06-04 17:36:13.585 [info] Configuration changed
2023-06-04 17:36:16.470 [info] Active editor: file:///home/koneko/Documents/Projects/RNCourse/App.js
2023-06-04 17:38:16.071 [info] Executing :w
2023-06-04 17:38:33.585 [info] Executing :w
2023-06-04 17:38:42.122 [info] Executing :w
2023-06-04 17:39:46.978 [info] Executing :w
2023-06-04 17:39:59.908 [info] Executing :w
2023-06-04 17:40:26.759 [info] Executing :w
2023-06-04 17:41:45.409 [info] Executing :w
2023-06-04 17:43:00.018 [info] Executing :w
2023-06-04 17:43:04.555 [info] Executing :w
2023-06-04 17:43:31.271 [info] Executing :w
2023-06-04 17:43:35.815 [info] Executing :w
2023-06-04 17:43:50.305 [info] Executing :w
2023-06-04 17:44:13.173 [info] Executing :w
2023-06-04 17:45:39.734 [info] Executing :w
2023-06-04 17:46:26.924 [info] Executing :w
2023-06-04 17:50:26.270 [info] Active editor: file:///home/koneko/Documents/Projects/RNCourse/components/taskInput.js
2023-06-04 17:50:37.407 [info] Active editor: file:///home/koneko/Documents/Projects/RNCourse/components/taskItem.js
2023-06-04 17:50:59.839 [info] Executing :w
2023-06-04 17:51:04.303 [info] Executing :w
2023-06-04 17:51:22.026 [info] Executing :w
2023-06-04 17:51:36.937 [info] Active editor: file:///home/koneko/Documents/Projects/RNCourse/App.js
2023-06-04 17:52:00.421 [info] Active editor: file:///home/koneko/Documents/Projects/RNCourse/components/taskItem.js
2023-06-04 17:52:27.705 [info] Executing :w
2023-06-04 17:52:37.454 [info] Active editor: file:///home/koneko/Documents/Projects/RNCourse/App.js
2023-06-04 17:52:55.437 [info] Active editor: file:///home/koneko/Documents/Projects/RNCourse/App.js
2023-06-04 17:52:56.792 [info] Active editor: file:///home/koneko/Documents/Projects/RNCourse/components/taskInput.js
2023-06-04 17:53:01.086 [info] Active editor: file:///home/koneko/Documents/Projects/RNCourse/components/taskItem.js
2023-06-04 17:53:13.792 [info] Executing :w
2023-06-04 17:53:19.224 [info] Active editor: file:///home/koneko/Documents/Projects/RNCourse/components/taskInput.js
2023-06-04 17:53:19.883 [info] Active editor: file:///home/koneko/Documents/Projects/RNCourse/App.js
2023-06-04 17:53:29.101 [info] Active editor: file:///home/koneko/Documents/Projects/RNCourse/components/taskInput.js
2023-06-04 17:53:29.893 [info] Active editor: file:///home/koneko/Documents/Projects/RNCourse/components/taskItem.js
2023-06-04 17:53:33.146 [info] Executing :w
2023-06-04 17:53:39.328 [info] Active editor: file:///home/koneko/Documents/Projects/RNCourse/App.js
2023-06-04 17:53:42.715 [info] Executing :w
2023-06-04 17:53:56.821 [info] Executing :w
2023-06-04 17:53:59.549 [info] Executing :w
2023-06-04 17:54:02.421 [info] Executing :w
2023-06-04 17:54:18.111 [info] Active editor: file:///home/koneko/Documents/Projects/RNCourse/components/taskItem.js
2023-06-04 17:54:32.105 [info] Executing :w
2023-06-04 17:55:03.844 [info] Active editor: file:///home/koneko/Documents/Projects/RNCourse/App.js
2023-06-04 17:55:12.550 [info] Executing :w
2023-06-04 17:55:35.593 [info] /home/koneko/Documents/Projects/RNCourse/components/taskInput.js closed
2023-06-04 17:55:35.615 [info] /home/koneko/Documents/Projects/RNCourse/components/taskInput.js.git closed
2023-06-04 17:55:38.542 [info] Active editor: file:///home/koneko/Documents/Projects/RNCourse/components/TaskInput.js
2023-06-04 17:55:39.240 [info] Active editor: file:///home/koneko/Documents/Projects/RNCourse/components/taskItem.js
2023-06-04 17:55:43.802 [info] /home/koneko/Documents/Projects/RNCourse/components/taskItem.js closed
2023-06-04 17:55:43.819 [info] /home/koneko/Documents/Projects/RNCourse/components/taskItem.js.git closed
2023-06-04 17:55:43.844 [info] Active editor: file:///home/koneko/Documents/Projects/RNCourse/components/TaskItem.js
2023-06-04 17:55:52.253 [info] Active editor: file:///home/koneko/Documents/Projects/RNCourse/App.js
2023-06-04 17:56:08.013 [info] Executing :w
2023-06-04 17:56:46.141 [info] Active editor: file:///home/koneko/Documents/Projects/RNCourse/components/TaskItem.js
2023-06-04 17:56:50.811 [info] Executing :w
2023-06-04 17:56:54.231 [info] Executing :w
2023-06-04 17:57:10.885 [info] Executing :w
2023-06-04 17:57:13.715 [info] Active editor: file:///home/koneko/Documents/Projects/RNCourse/App.js
2023-06-04 17:57:29.799 [info] Executing :w
2023-06-04 17:57:36.584 [info] Executing :w
2023-06-04 17:57:45.845 [info] Active editor: file:///home/koneko/Documents/Projects/RNCourse/components/TaskItem.js
2023-06-04 17:57:52.554 [info] Executing :w
2023-06-04 17:57:57.561 [info] Active editor: file:///home/koneko/Documents/Projects/RNCourse/App.js
2023-06-04 17:59:01.015 [info] Active editor: file:///home/koneko/Documents/Projects/RNCourse/components/TaskInput.js
2023-06-04 17:59:17.213 [info] Executing :w
2023-06-04 17:59:19.136 [info] Active editor: file:///home/koneko/Documents/Projects/RNCourse/App.js
2023-06-04 17:59:22.642 [info] Active editor: file:///home/koneko/Documents/Projects/RNCourse/components/TaskInput.js
2023-06-04 17:59:32.561 [info] Active editor: file:///home/koneko/Documents/Projects/RNCourse/App.js
2023-06-04 17:59:41.039 [info] Active editor: file:///home/koneko/Documents/Projects/RNCourse/components/TaskInput.js
2023-06-04 17:59:55.050 [info] Executing :w
2023-06-04 17:59:58.194 [info] Executing :w
2023-06-04 18:00:02.443 [info] Executing :w
2023-06-04 18:00:05.091 [warning] :w failed
2023-06-04 18:00:13.699 [info] Executing :w
2023-06-04 18:00:17.068 [info] Executing :w
2023-06-04 18:00:35.415 [info] Executing :w
2023-06-04 18:00:37.471 [warning] invalid cursor position. [[13, 4] | [13, 4]].
2023-06-04 18:00:37.471 [warning] invalid cursor position. [[13, 4] | [13, 4]].
2023-06-04 18:00:42.124 [info] Active editor: file:///home/koneko/Documents/Projects/RNCourse/App.js
2023-06-04 18:00:45.103 [info] Active editor: file:///home/koneko/Documents/Projects/RNCourse/components/TaskInput.js
2023-06-04 18:00:56.209 [info] Active editor: file:///home/koneko/Documents/Projects/RNCourse/App.js
2023-06-04 18:00:59.311 [info] Active editor: file:///home/koneko/Documents/Projects/RNCourse/components/TaskInput.js
2023-06-04 18:01:01.922 [info] Executing :w
2023-06-04 18:01:14.140 [info] Active editor: file:///home/koneko/Documents/Projects/RNCourse/App.js
2023-06-04 18:01:47.240 [info] Executing :w
2023-06-04 18:01:54.862 [info] Active editor: file:///home/koneko/Documents/Projects/RNCourse/components/TaskInput.js
2023-06-04 18:01:59.178 [info] Executing :w
2023-06-04 18:02:01.177 [info] Executing :w
2023-06-04 18:02:10.339 [info] Executing :w
2023-06-04 18:02:15.851 [info] Executing :w
2023-06-04 18:02:24.140 [info] Executing :w
2023-06-04 18:02:28.348 [info] Executing :w
2023-06-04 18:02:54.752 [info] Executing :w
2023-06-04 18:03:25.716 [info] Executing :w
2023-06-04 18:03:33.702 [info] Executing :we
2023-06-04 18:03:40.646 [info] Active editor: file:///home/koneko/Documents/Projects/RNCourse/App.js
2023-06-04 18:03:50.154 [info] Active editor: file:///home/koneko/Documents/Projects/RNCourse/components/TaskInput.js
2023-06-04 18:04:00.256 [info] Executing :w
2023-06-04 18:04:03.161 [info] Executing :w
2023-06-04 18:04:09.145 [info] Active editor: file:///home/koneko/Documents/Projects/RNCourse/App.js
2023-06-04 18:04:54.351 [info] Active editor: file:///home/koneko/Documents/Projects/RNCourse/components/TaskInput.js
2023-06-04 18:04:58.144 [info] Executing :w
2023-06-04 18:05:00.336 [info] Executing :w
2023-06-04 18:05:06.353 [info] Active editor: file:///home/koneko/Documents/Projects/RNCourse/App.js
2023-06-04 18:05:10.197 [info] Active editor: file:///home/koneko/Documents/Projects/RNCourse/components/TaskInput.js
2023-06-04 18:05:16.506 [info] Executing :w
2023-06-04 18:05:17.866 [info] Executing :w
2023-06-04 18:05:34.644 [info] Executing :w
2023-06-04 18:06:25.725 [info] Active editor: file:///home/koneko/Documents/Projects/RNCourse/App.js
2023-06-04 18:06:28.755 [info] Executing :w
2023-06-04 18:06:37.890 [info] Active editor: file:///home/koneko/Documents/Projects/RNCourse/components/TaskInput.js
2023-06-04 18:06:40.429 [info] Executing :w
2023-06-04 18:06:41.473 [info] Active editor: file:///home/koneko/Documents/Projects/RNCourse/App.js
2023-06-04 18:06:51.422 [info] Executing :w
2023-06-04 18:06:53.287 [info] Executing :w
2023-06-04 18:07:03.455 [info] Active editor: file:///home/koneko/Documents/Projects/RNCourse/components/TaskInput.js
2023-06-04 18:07:23.266 [info] Executing :w
2023-06-04 18:07:25.229 [info] Active editor: file:///home/koneko/Documents/Projects/RNCourse/App.js
2023-06-04 18:07:49.461 [info] Executing :w
2023-06-04 18:07:51.645 [info] Active editor: file:///home/koneko/Documents/Projects/RNCourse/components/TaskInput.js
2023-06-04 18:08:04.239 [info] Executing :w
2023-06-04 18:08:07.134 [info] Active editor: file:///home/koneko/Documents/Projects/RNCourse/App.js
2023-06-04 18:08:30.963 [info] Executing :w
2023-06-04 18:08:42.692 [info] Executing :w
2023-06-04 18:08:47.342 [info] Active editor: file:///home/koneko/Documents/Projects/RNCourse/components/TaskInput.js
2023-06-04 18:08:53.381 [info] Executing :w
2023-06-04 18:09:15.705 [info] Active editor: file:///home/koneko/Documents/Projects/RNCourse/App.js
2023-06-04 18:09:30.278 [info] Active editor: file:///home/koneko/Documents/Projects/RNCourse/components/TaskItem.js
2023-06-04 18:09:36.835 [info] Executing :w
2023-06-04 18:09:40.172 [info] Executing :w
2023-06-04 18:09:44.190 [info] Active editor: file:///home/koneko/Documents/Projects/RNCourse/App.js
2023-06-04 18:09:45.676 [info] Executing :w
2023-06-04 18:10:12.102 [info] Active editor: file:///home/koneko/Documents/Projects/RNCourse/components/TaskInput.js
2023-06-04 18:10:34.234 [info] Active editor: file:///home/koneko/Documents/Projects/RNCourse/App.js
2023-06-04 18:11:03.738 [info] Active editor: file:///home/koneko/Documents/Projects/RNCourse/components/TaskInput.js
2023-06-04 18:11:26.433 [info] Executing :w
2023-06-04 18:11:28.063 [info] Active editor: file:///home/koneko/Documents/Projects/RNCourse/App.js
2023-06-04 18:11:42.457 [info] Active editor: file:///home/koneko/Documents/Projects/RNCourse/components/TaskInput.js
2023-06-04 18:11:47.259 [info] Executing :w
2023-06-04 18:11:48.503 [info] Active editor: file:///home/koneko/Documents/Projects/RNCourse/App.js
2023-06-04 18:11:53.221 [info] Active editor: file:///home/koneko/Documents/Projects/RNCourse/components/TaskInput.js
2023-06-04 18:11:56.340 [info] Executing :w
2023-06-04 18:12:03.173 [info] Executing :w
2023-06-04 18:12:04.653 [info] Executing :w
2023-06-04 18:12:32.527 [info] Active editor: file:///home/koneko/Documents/Projects/RNCourse/App.js
2023-06-04 18:12:39.058 [info] Executing :w
2023-06-04 18:13:17.399 [info] Executing :w
2023-06-04 18:13:19.543 [info] Executing :w
2023-06-04 18:13:34.654 [info] Active editor: file:///home/koneko/Documents/Projects/RNCourse/components/TaskInput.js
2023-06-04 18:13:36.859 [info] Active editor: file:///home/koneko/Documents/Projects/RNCourse/App.js
2023-06-04 18:13:38.189 [info] Active editor: file:///home/koneko/Documents/Projects/RNCourse/components/TaskInput.js
2023-06-04 18:14:43.257 [info] Executing :w
2023-06-04 18:14:46.994 [info] Executing :w
2023-06-04 18:14:59.012 [info] Executing :w
2023-06-04 18:15:18.015 [info] Active editor: file:///home/koneko/Documents/Projects/RNCourse/App.js
2023-06-04 18:16:04.043 [info] Executing :w
2023-06-04 18:16:29.753 [info] Active editor: file:///home/koneko/Documents/Projects/RNCourse/components/TaskInput.js
2023-06-04 18:16:30.515 [info] Active editor: file:///home/koneko/Documents/Projects/RNCourse/components/TaskItem.js
2023-06-04 18:16:32.828 [info] Active editor: file:///home/koneko/Documents/Projects/RNCourse/components/TaskInput.js
2023-06-04 18:16:43.224 [info] Executing :w
2023-06-04 18:16:44.897 [info] Executing :w
2023-06-04 18:17:14.788 [info] Executing :w
2023-06-04 18:18:20.303 [info] /home/koneko/.cache/typescript/5.0/node_modules/@types/react/ts5.0/index.d.ts closed
2023-06-04 18:18:26.075 [info] Active editor: file:///home/koneko/Documents/Projects/RNCourse/components/TaskItem.js
2023-06-04 18:18:33.392 [info] Active editor: file:///home/koneko/Documents/Projects/RNCourse/App.js
2023-06-04 18:40:24.097 [info] /home/koneko/.config/Code/User/settings.json closed
2023-06-04 18:40:24.132 [info] Configuration changed
2023-06-04 18:40:26.066 [info] /home/koneko/.config/Code/User/settings.json closed
2023-06-04 18:40:26.084 [info] Configuration changed
2023-06-04 18:40:30.980 [info] Active editor: file:///home/koneko/Documents/Projects/RNCourse/components/TaskInput.js
2023-06-04 18:40:39.828 [info] /home/koneko/.config/Code/User/settings.json closed
2023-06-04 18:40:39.854 [info] Configuration changed
2023-06-04 18:40:40.485 [info] Active editor: file:///home/koneko/Documents/Projects/RNCourse/components/TaskItem.js
2023-06-04 18:40:45.718 [info] /home/koneko/.config/Code/User/settings.json closed
2023-06-04 18:40:45.742 [info] Configuration changed
2023-06-04 18:40:46.118 [info] Active editor: file:///home/koneko/Documents/Projects/RNCourse/components/TaskInput.js
2023-06-04 18:40:52.486 [info] Active editor: file:///home/koneko/Documents/Projects/RNCourse/components/TaskItem.js
2023-06-04 18:40:53.387 [info] Active editor: file:///home/koneko/Documents/Projects/RNCourse/components/TaskInput.js
2023-06-04 18:40:56.339 [info] /home/koneko/.config/Code/User/settings.json closed
2023-06-04 18:40:56.360 [info] Configuration changed
2023-06-04 18:41:02.954 [info] Active editor: file:///home/koneko/Documents/Projects/RNCourse/App.js
