[2:54:03 PM] [INFO] Discord Rich Presence for VS Code activated.
[2:54:03 PM] [INFO] Registered Discord Rich Presence commands
[2:54:13 PM] [ERROR] Encountered following error while trying to login: RPC_CONNECTION_TIMEOUT: Connection timed out
    at Za.login (/home/koneko/.vscode/extensions/leonardssh.vscord-5.1.10/node_modules/.pnpm/@xhayper+discord-rpc@1.0.17/node_modules/@xhayper/discord-rpc/dist/Client.js:250:20)
    at new cn (/home/koneko/.vscode/extensions/leonardssh.vscord-5.1.10/src/controller.ts:44:14)
    at Object.<anonymous> (/home/koneko/.vscode/extensions/leonardssh.vscord-5.1.10/src/extension.ts:11:20)
    at Module.u._compile (/usr/share/code/resources/app/out/vs/loader.js:4:1271)
    at Object.Module._extensions..js (node:internal/modules/cjs/loader:1243:10)
    at Module.load (node:internal/modules/cjs/loader:1058:32)
    at Module._load (node:internal/modules/cjs/loader:893:12)
    at Function.f._load (node:electron/js2c/asar_bundle:2:13330)
    at Function.b._load (/usr/share/code/resources/app/out/vs/workbench/api/node/extensionHostProcess.js:126:29948)
    at Function.h._load (/usr/share/code/resources/app/out/vs/workbench/api/node/extensionHostProcess.js:126:26698)
    at Function.I._load (/usr/share/code/resources/app/out/vs/workbench/api/node/extensionHostProcess.js:90:24489)
    at Module.require (node:internal/modules/cjs/loader:1082:19)
    at require (node:internal/modules/cjs/helpers:102:18)
    at Function.i [as __$__nodeRequire] (/usr/share/code/resources/app/out/vs/loader.js:5:98)
    at v.rb (/usr/share/code/resources/app/out/vs/workbench/api/node/extensionHostProcess.js:126:27962)
    at async Promise.all (index 0)
[2:54:13 PM] [INFO] [002] Destroyed Discord RPC client
[2:54:13 PM] [INFO] Successfully logged in to Discord with client ID 782685898163617802
[2:54:46 PM] [INFO] Discord Rich Presence for VS Code deactivated.
[2:54:46 PM] [INFO] [004] Destroyed Discord RPC client
