2023-06-04 13:15:39.248 [warning] Via 'product.json#extensionEnabledApiProposals' extension 'ms-vscode.vscode-selfhost-test-provider' wants API proposal 'testContinuousRun' but that proposal DOES NOT EXIST. Likely, the proposal has been finalized (check 'vscode.d.ts') or was abandoned.
2023-06-04 13:15:56.675 [error] Problem loading themes from marketplace XHR failed
2023-06-04 13:15:56.678 [error] Problem loading themes from marketplace XHR failed
2023-06-04 13:15:56.681 [error] Problem loading themes from marketplace XHR failed
2023-06-04 13:15:56.685 [error] Problem loading themes from marketplace XHR failed
2023-06-04 13:16:06.810 [info] [perf] Render performance baseline is 37ms
2023-06-04 13:17:20.947 [error] ENOENT: no such file or directory, open '/home/koneko/.config/Code/User/globalStorage/vscodevim.vim/.registers': Error: ENOENT: no such file or directory, open '/home/koneko/.config/Code/User/globalStorage/vscodevim.vim/.registers'
2023-06-04 13:21:26.163 [info] Settings Sync: Updated current session 7917de7ae1b4b58e
2023-06-04 14:10:26.030 [warning] Settings pattern "security.*" doesn't match any settings
2023-06-04 14:10:26.030 [warning] SettingsEditor2: Settings not included in settingsLayout.ts: interactiveEditor.editMode, accessibility.verbosity.diff-editor, accessibility.verbosity.terminal
2023-06-04 14:11:00.569 [warning] Settings pattern "security.*" doesn't match any settings
2023-06-04 14:11:43.973 [warning] Settings pattern "security.*" doesn't match any settings
2023-06-04 14:13:32.912 [warning] Settings pattern "security.*" doesn't match any settings
2023-06-04 14:13:48.928 [warning] Settings pattern "security.*" doesn't match any settings
2023-06-04 14:14:50.370 [warning] Settings pattern "security.*" doesn't match any settings
2023-06-04 14:16:04.826 [warning] Via 'product.json#extensionEnabledApiProposals' extension 'ms-vscode.vscode-selfhost-test-provider' wants API proposal 'testContinuousRun' but that proposal DOES NOT EXIST. Likely, the proposal has been finalized (check 'vscode.d.ts') or was abandoned.
2023-06-04 14:16:08.015 [info] [perf] Render performance baseline is 57ms
2023-06-04 14:16:39.459 [warning] Settings pattern "security.*" doesn't match any settings
2023-06-04 14:16:39.459 [warning] SettingsEditor2: Settings not included in settingsLayout.ts: interactiveEditor.editMode, accessibility.verbosity.diff-editor, accessibility.verbosity.terminal
2023-06-04 14:25:23.177 [warning] Via 'product.json#extensionEnabledApiProposals' extension 'ms-vscode.vscode-selfhost-test-provider' wants API proposal 'testContinuousRun' but that proposal DOES NOT EXIST. Likely, the proposal has been finalized (check 'vscode.d.ts') or was abandoned.
2023-06-04 14:25:28.830 [info] [perf] Render performance baseline is 47ms
2023-06-04 14:31:29.584 [warning] Settings pattern "security.*" doesn't match any settings
2023-06-04 14:31:29.585 [warning] SettingsEditor2: Settings not included in settingsLayout.ts: interactiveEditor.editMode, accessibility.verbosity.diff-editor, accessibility.verbosity.terminal
2023-06-04 14:31:52.166 [warning] Settings pattern "security.*" doesn't match any settings
2023-06-04 14:32:03.998 [warning] Settings pattern "security.*" doesn't match any settings
2023-06-04 14:32:27.716 [warning] Settings pattern "security.*" doesn't match any settings
2023-06-04 14:33:15.731 [warning] Settings pattern "security.*" doesn't match any settings
2023-06-04 14:33:25.410 [warning] Settings pattern "security.*" doesn't match any settings
2023-06-04 14:33:29.356 [warning] [lifecycle] onWillShutdown is taking a long time, pending operations: join.workingCopyHistory
