2023-06-04 13:15:39.524 [info] Added views:workbench.panel.markers.view in workbench.panel.markers
2023-06-04 13:15:39.524 [info] Added views:workbench.panel.output in workbench.panel.output
2023-06-04 13:15:39.524 [info] Added views:terminal in terminal
2023-06-04 13:15:39.524 [info] Added views:outline in workbench.view.explorer
2023-06-04 13:15:39.525 [info] Added views:workbench.scm in workbench.view.scm
2023-06-04 13:15:39.525 [info] Added views:workbench.view.search in workbench.view.search
2023-06-04 13:15:39.525 [info] Added views:timeline in workbench.view.explorer
2023-06-04 13:15:39.525 [info] Added views:workbench.explorer.emptyView in workbench.view.explorer
2023-06-04 13:15:41.275 [info] Added views:workbench.debug.variablesView,workbench.debug.watchExpressionsView,workbench.debug.callStackView,workbench.debug.breakPointsView in workbench.view.debug
2023-06-04 13:15:43.412 [info] Added views:workbench.panel.repl.view in workbench.panel.repl
2023-06-04 13:15:43.414 [info] Removed views:workbench.debug.breakPointsView,workbench.debug.callStackView,workbench.debug.watchExpressionsView,workbench.debug.variablesView from workbench.view.debug
2023-06-04 13:15:43.415 [info] Added views:workbench.debug.welcome in workbench.view.debug
2023-06-04 13:16:34.016 [info] Added views:workbench.views.extensions.installed,workbench.views.extensions.popular,extensions.recommendedList in workbench.view.extensions
2023-06-04 13:16:34.018 [info] Removed views:workbench.views.extensions.popular from workbench.view.extensions
2023-06-04 13:16:34.352 [info] Added views:workbench.views.extensions.popular in workbench.view.extensions
2023-06-04 13:16:34.654 [info] Removed views:extensions.recommendedList,workbench.views.extensions.popular,workbench.views.extensions.installed from workbench.view.extensions
2023-06-04 13:16:34.674 [info] Added views:workbench.views.extensions.marketplace in workbench.view.extensions
2023-06-04 13:18:41.006 [info] Removed views:workbench.views.extensions.marketplace from workbench.view.extensions
2023-06-04 13:18:41.053 [info] Added views:workbench.views.extensions.installed,workbench.views.extensions.popular,extensions.recommendedList in workbench.view.extensions
2023-06-04 13:18:43.039 [info] Removed views:extensions.recommendedList,workbench.views.extensions.popular,workbench.views.extensions.installed from workbench.view.extensions
2023-06-04 13:18:43.052 [info] Added views:workbench.views.extensions.marketplace in workbench.view.extensions
2023-06-04 13:19:55.393 [info] Removed views:workbench.views.extensions.marketplace from workbench.view.extensions
2023-06-04 13:19:55.433 [info] Added views:workbench.views.extensions.installed,workbench.views.extensions.popular,extensions.recommendedList in workbench.view.extensions
2023-06-04 13:19:58.058 [info] Removed views:extensions.recommendedList,workbench.views.extensions.popular,workbench.views.extensions.installed from workbench.view.extensions
2023-06-04 13:19:58.078 [info] Added views:workbench.views.extensions.marketplace in workbench.view.extensions
2023-06-04 13:21:29.988 [info] Removed views:workbench.views.extensions.marketplace from workbench.view.extensions
2023-06-04 13:21:30.026 [info] Added views:workbench.views.extensions.installed,workbench.views.extensions.popular,extensions.recommendedList in workbench.view.extensions
2023-06-04 14:14:06.124 [info] Removed views:extensions.recommendedList,workbench.views.extensions.popular,workbench.views.extensions.installed from workbench.view.extensions
2023-06-04 14:14:06.142 [info] Added views:workbench.views.extensions.marketplace in workbench.view.extensions
2023-06-04 14:15:58.017 [info] Removed views:workbench.views.extensions.marketplace from workbench.view.extensions
2023-06-04 14:15:58.038 [info] Added views:workbench.views.extensions.installed,workbench.views.extensions.popular,extensions.recommendedList in workbench.view.extensions
2023-06-04 14:16:05.097 [info] Added views:workbench.panel.markers.view in workbench.panel.markers
2023-06-04 14:16:05.097 [info] Added views:workbench.panel.output in workbench.panel.output
2023-06-04 14:16:05.097 [info] Added views:terminal in terminal
2023-06-04 14:16:05.097 [info] Added views:outline in workbench.view.explorer
2023-06-04 14:16:05.097 [info] Added views:workbench.scm in workbench.view.scm
2023-06-04 14:16:05.097 [info] Added views:workbench.view.search in workbench.view.search
2023-06-04 14:16:05.097 [info] Added views:timeline in workbench.view.explorer
2023-06-04 14:16:05.097 [info] Added views:workbench.explorer.emptyView in workbench.view.explorer
2023-06-04 14:16:05.255 [info] Added views:workbench.debug.welcome in workbench.view.debug
2023-06-04 14:16:05.759 [info] Added views:workbench.panel.repl.view in workbench.panel.repl
2023-06-04 14:16:06.321 [info] Added views:workbench.views.extensions.installed,extensions.recommendedList in workbench.view.extensions
2023-06-04 14:25:23.415 [info] Added views:workbench.panel.markers.view in workbench.panel.markers
2023-06-04 14:25:23.415 [info] Added views:workbench.panel.output in workbench.panel.output
2023-06-04 14:25:23.415 [info] Added views:terminal in terminal
2023-06-04 14:25:23.415 [info] Added views:outline in workbench.view.explorer
2023-06-04 14:25:23.415 [info] Added views:workbench.scm in workbench.view.scm
2023-06-04 14:25:23.415 [info] Added views:workbench.view.search in workbench.view.search
2023-06-04 14:25:23.415 [info] Added views:timeline in workbench.view.explorer
2023-06-04 14:25:23.415 [info] Added views:workbench.explorer.fileView in workbench.view.explorer
2023-06-04 14:25:23.654 [info] Added views:workbench.debug.variablesView,workbench.debug.watchExpressionsView,workbench.debug.callStackView,workbench.debug.breakPointsView in workbench.view.debug
2023-06-04 14:25:23.786 [info] Added views:workbench.panel.repl.view in workbench.panel.repl
2023-06-04 14:25:23.788 [info] Removed views:workbench.debug.breakPointsView,workbench.debug.callStackView,workbench.debug.watchExpressionsView,workbench.debug.variablesView from workbench.view.debug
2023-06-04 14:25:23.789 [info] Added views:workbench.debug.welcome in workbench.view.debug
