2023-06-04 14:33:38.431 [info] Reading sessions from secret storage...
2023-06-04 14:33:38.431 [info] Got 0 stored sessions
2023-06-04 14:33:38.436 [info] Getting sessions for all scopes...
2023-06-04 14:33:38.436 [info] Got 0 sessions for all scopes...
2023-06-04 14:33:38.436 [info] Getting sessions for the following scopes: email offline_access openid profile
2023-06-04 14:33:38.436 [info] Got 0 sessions for scopes: email offline_access openid profile
2023-06-04 14:53:45.375 [info] Reading sessions from secret storage...
2023-06-04 14:53:45.375 [info] Got 0 stored sessions
2023-06-04 14:53:45.375 [info] Getting sessions for all scopes...
2023-06-04 14:53:45.375 [info] Got 0 sessions for all scopes...
2023-06-04 14:53:45.377 [info] Getting sessions for the following scopes: email offline_access openid profile
2023-06-04 14:53:45.377 [info] Got 0 sessions for scopes: email offline_access openid profile
2023-06-04 14:53:45.378 [info] Getting sessions for the following scopes: email offline_access openid profile
2023-06-04 14:53:45.378 [info] Got 0 sessions for scopes: email offline_access openid profile
2023-06-04 14:53:52.573 [info] Reading sessions from secret storage...
2023-06-04 14:53:52.573 [info] Got 0 stored sessions
2023-06-04 14:53:52.642 [info] Getting sessions for all scopes...
2023-06-04 14:53:52.642 [info] Got 0 sessions for all scopes...
2023-06-04 14:53:52.702 [info] Getting sessions for the following scopes: email offline_access openid profile
2023-06-04 14:53:52.702 [info] Got 0 sessions for scopes: email offline_access openid profile
2023-06-04 14:54:02.758 [info] Reading sessions from secret storage...
2023-06-04 14:54:03.104 [info] Got 0 stored sessions
2023-06-04 14:54:03.166 [info] Getting sessions for all scopes...
2023-06-04 14:54:03.166 [info] Got 0 sessions for all scopes...
2023-06-04 14:54:03.184 [info] Getting sessions for the following scopes: email offline_access openid profile
2023-06-04 14:54:03.184 [info] Got 0 sessions for scopes: email offline_access openid profile
2023-06-04 14:54:49.014 [info] Reading sessions from secret storage...
2023-06-04 14:54:49.664 [info] Got 0 stored sessions
2023-06-04 14:54:49.714 [info] Getting sessions for all scopes...
2023-06-04 14:54:49.714 [info] Got 0 sessions for all scopes...
2023-06-04 14:54:50.033 [info] Getting sessions for the following scopes: email offline_access openid profile
2023-06-04 14:54:50.034 [info] Got 0 sessions for scopes: email offline_access openid profile
2023-06-04 14:54:50.034 [info] Getting sessions for the following scopes: email offline_access openid profile
2023-06-04 14:54:50.034 [info] Got 0 sessions for scopes: email offline_access openid profile
2023-06-04 14:54:57.505 [info] Reading sessions from secret storage...
2023-06-04 14:54:57.505 [info] Got 0 stored sessions
2023-06-04 14:54:57.525 [info] Getting sessions for all scopes...
2023-06-04 14:54:57.525 [info] Got 0 sessions for all scopes...
2023-06-04 14:54:57.568 [info] Getting sessions for the following scopes: email offline_access openid profile
2023-06-04 14:54:57.568 [info] Got 0 sessions for scopes: email offline_access openid profile
2023-06-04 15:46:15.855 [info] Reading sessions from secret storage...
2023-06-04 15:46:15.855 [info] Got 0 stored sessions
2023-06-04 15:46:15.861 [info] Getting sessions for all scopes...
2023-06-04 15:46:15.861 [info] Got 0 sessions for all scopes...
2023-06-04 15:46:15.896 [info] Getting sessions for the following scopes: email offline_access openid profile
2023-06-04 15:46:15.896 [info] Got 0 sessions for scopes: email offline_access openid profile
2023-06-04 15:53:26.815 [info] Reading sessions from secret storage...
2023-06-04 15:53:26.815 [info] Got 0 stored sessions
2023-06-04 15:53:26.852 [info] Getting sessions for all scopes...
2023-06-04 15:53:26.852 [info] Got 0 sessions for all scopes...
2023-06-04 15:53:26.901 [info] Getting sessions for the following scopes: email offline_access openid profile
2023-06-04 15:53:26.901 [info] Got 0 sessions for scopes: email offline_access openid profile
2023-06-04 17:36:06.111 [info] Reading sessions from secret storage...
2023-06-04 17:36:06.111 [info] Got 0 stored sessions
2023-06-04 17:36:06.111 [info] Getting sessions for all scopes...
2023-06-04 17:36:06.111 [info] Got 0 sessions for all scopes...
2023-06-04 17:36:06.111 [info] Getting sessions for the following scopes: email offline_access openid profile
2023-06-04 17:36:06.111 [info] Got 0 sessions for scopes: email offline_access openid profile
