2023-06-04 13:15:47.772 [info] Reading sessions from keychain...
2023-06-04 13:15:47.772 [info] Getting sessions for all scopes...
2023-06-04 13:15:47.772 [info] Getting sessions for user:email...
2023-06-04 13:15:47.772 [info] Got 0 sessions for ...
2023-06-04 13:15:47.772 [info] Got 0 sessions for user:email...
2023-06-04 13:15:49.169 [info] Getting sessions for all scopes...
2023-06-04 13:15:49.170 [info] Got 0 sessions for ...
2023-06-04 13:21:09.688 [info] Getting sessions for user:email...
2023-06-04 13:21:09.688 [info] Got 0 sessions for user:email...
2023-06-04 13:21:11.418 [info] Logging in for the following scopes: user:email
2023-06-04 13:21:11.436 [info] Trying without local server... (user:email)
2023-06-04 13:21:24.150 [info] Exchanging code for token...
2023-06-04 13:21:24.566 [info] Token exchange success!
2023-06-04 13:21:24.569 [info] Getting user info...
2023-06-04 13:21:24.868 [info] Got account info!
2023-06-04 13:21:24.869 [info] Storing 1 sessions...
2023-06-04 13:21:25.166 [info] Getting user info...
2023-06-04 13:21:25.405 [info] Got account info!
2023-06-04 13:21:26.161 [info] Reading sessions from keychain...
2023-06-04 13:21:26.161 [info] Stored 1 sessions!
2023-06-04 13:21:26.161 [info] Login success!
2023-06-04 13:21:26.163 [info] Getting sessions for user:email...
2023-06-04 13:21:26.164 [info] Getting sessions for user:email...
2023-06-04 13:21:26.165 [info] Got stored sessions!
2023-06-04 13:21:26.165 [info] Got 1 verified sessions.
2023-06-04 13:21:26.165 [info] Got 1 sessions for user:email...
2023-06-04 13:21:26.165 [info] Got 1 sessions for user:email...
2023-06-04 14:16:07.360 [info] Reading sessions from keychain...
2023-06-04 14:16:07.360 [info] Getting sessions for all scopes...
2023-06-04 14:16:07.360 [info] Getting sessions for user:email...
2023-06-04 14:16:07.360 [info] Got stored sessions!
2023-06-04 14:16:07.360 [info] Got 1 verified sessions.
2023-06-04 14:16:07.360 [info] Got 1 sessions for ...
2023-06-04 14:16:07.360 [info] Got 1 sessions for user:email...
2023-06-04 14:16:07.360 [info] Getting sessions for all scopes...
2023-06-04 14:16:07.360 [info] Got 1 sessions for ...
2023-06-04 14:16:07.381 [info] Getting sessions for all scopes...
2023-06-04 14:16:07.381 [info] Got 1 sessions for ...
2023-06-04 14:16:08.721 [info] Getting user info...
2023-06-04 14:16:08.949 [info] Got account info!
2023-06-04 14:25:26.411 [info] Reading sessions from keychain...
2023-06-04 14:25:26.411 [info] Getting sessions for all scopes...
2023-06-04 14:25:26.411 [info] Getting sessions for all scopes...
2023-06-04 14:25:26.411 [info] Got stored sessions!
2023-06-04 14:25:26.411 [info] Got 1 verified sessions.
2023-06-04 14:25:26.411 [info] Got 1 sessions for ...
2023-06-04 14:25:26.411 [info] Got 1 sessions for ...
2023-06-04 14:25:26.411 [info] Getting sessions for user:email...
2023-06-04 14:25:26.411 [info] Got 1 sessions for user:email...
2023-06-04 14:25:27.142 [info] Getting sessions for all scopes...
2023-06-04 14:25:27.142 [info] Got 1 sessions for ...
2023-06-04 14:25:27.727 [info] Getting user info...
2023-06-04 14:25:27.963 [info] Got account info!
