2023-06-04 13:15:39.313 [info] Started initializing default profile extensions in extensions installation folder. file:///home/koneko/.vscode/extensions
2023-06-04 13:15:41.126 [info] Completed initializing default profile extensions in extensions installation folder. file:///home/koneko/.vscode/extensions
2023-06-04 13:16:39.598 [info] Getting Manifest... siris01.catppuccin-theme
2023-06-04 13:16:39.611 [info] Installing extension: siris01.catppuccin-theme
2023-06-04 13:16:47.579 [info] Extension signature is verified: siris01.catppuccin-theme
2023-06-04 13:16:47.721 [info] Extracted extension to /home/koneko/.vscode/extensions/.eeb643e5-69e9-4a41-86a4-9b11c09af68f: siris01.catppuccin-theme
2023-06-04 13:16:48.422 [info] Renamed to /home/koneko/.vscode/extensions/siris01.catppuccin-theme-0.3.0
2023-06-04 13:16:48.424 [info] Extracting extension completed. siris01.catppuccin-theme
2023-06-04 13:16:49.281 [info] Extension installed successfully: siris01.catppuccin-theme
2023-06-04 13:17:11.321 [info] Getting Manifest... vscodevim.vim
2023-06-04 13:17:11.327 [info] Installing extension: vscodevim.vim
2023-06-04 13:17:15.591 [info] Extension signature is verified: vscodevim.vim
2023-06-04 13:17:15.655 [info] Extracted extension to /home/koneko/.vscode/extensions/.ca3fbe07-255e-47cc-9e20-348dc442eb29: vscodevim.vim
2023-06-04 13:17:18.088 [info] Renamed to /home/koneko/.vscode/extensions/vscodevim.vim-1.25.2
2023-06-04 13:17:18.090 [info] Extracting extension completed. vscodevim.vim
2023-06-04 13:17:19.654 [info] Extension installed successfully: vscodevim.vim
2023-06-04 13:18:55.023 [info] Getting Manifest... leonardssh.vscord
2023-06-04 13:18:55.035 [info] Installing extension: leonardssh.vscord
2023-06-04 13:18:57.551 [info] Extension signature is verified: leonardssh.vscord
2023-06-04 13:18:57.580 [info] Extracted extension to /home/koneko/.vscode/extensions/.482295ff-a685-496e-a7bf-69f0fbe7611e: leonardssh.vscord
2023-06-04 13:18:57.622 [info] Renamed to /home/koneko/.vscode/extensions/leonardssh.vscord-5.1.10
2023-06-04 13:18:57.624 [info] Extracting extension completed. leonardssh.vscord
2023-06-04 13:18:57.664 [info] Extension installed successfully: leonardssh.vscord
2023-06-04 14:14:19.186 [info] Getting Manifest... skattyadz.vscode-quick-scope
2023-06-04 14:14:19.198 [info] Installing extension: skattyadz.vscode-quick-scope
2023-06-04 14:14:20.912 [info] Extension signature is verified: skattyadz.vscode-quick-scope
2023-06-04 14:14:20.924 [info] Extracted extension to /home/koneko/.vscode/extensions/.7ec1eecd-cded-4855-85c7-6e8ffb10e4e5: skattyadz.vscode-quick-scope
2023-06-04 14:14:21.354 [info] Renamed to /home/koneko/.vscode/extensions/skattyadz.vscode-quick-scope-0.2.0
2023-06-04 14:14:21.356 [info] Extracting extension completed. skattyadz.vscode-quick-scope
2023-06-04 14:14:22.656 [info] Extension installed successfully: skattyadz.vscode-quick-scope
2023-06-04 14:16:01.679 [info] Uninstalling extension from the profile: skattyadz.vscode-quick-scope@0.2.0 vscode-userdata:/home/koneko/.vscode/extensions/extensions.json
2023-06-04 14:16:01.723 [info] Marked extension as uninstalled skattyadz.vscode-quick-scope-0.2.0
2023-06-04 14:16:01.892 [info] Successfully uninstalled extension from the profile skattyadz.vscode-quick-scope@0.2.0 vscode-userdata:/home/koneko/.vscode/extensions/extensions.json
