2023-06-04 13:15:47.772 [info] Log level: Info
2023-06-04 13:15:47.772 [info] Validating found git in: "git"
2023-06-04 13:15:50.682 [info] Using git "2.40.1" from "git"
2023-06-04 14:16:07.356 [info] Log level: Info
2023-06-04 14:16:07.356 [info] Validating found git in: "git"
2023-06-04 14:16:07.356 [info] Using git "2.40.1" from "git"
2023-06-04 14:26:55.141 [info] Log level: Info
2023-06-04 14:26:55.141 [info] Validating found git in: "git"
2023-06-04 14:26:55.141 [info] Using git "2.40.1" from "git"
2023-06-04 14:26:55.143 [info] > git rev-parse --show-toplevel [4ms]
2023-06-04 14:26:55.143 [info] fatal: not a git repository (or any parent up to mount point /)
Stopping at filesystem boundary (GIT_DISCOVERY_ACROSS_FILESYSTEM not set).
2023-06-04 14:27:42.058 [info] > git rev-parse --show-toplevel [2ms]
2023-06-04 14:27:42.058 [info] fatal: not a git repository (or any parent up to mount point /)
Stopping at filesystem boundary (GIT_DISCOVERY_ACROSS_FILESYSTEM not set).
2023-06-04 14:29:14.408 [info] > git rev-parse --show-toplevel [2ms]
2023-06-04 14:29:14.408 [info] fatal: not a git repository (or any parent up to mount point /)
Stopping at filesystem boundary (GIT_DISCOVERY_ACROSS_FILESYSTEM not set).
2023-06-04 14:29:15.388 [info] > git rev-parse --show-toplevel [1ms]
2023-06-04 14:29:15.388 [info] fatal: not a git repository (or any parent up to mount point /)
Stopping at filesystem boundary (GIT_DISCOVERY_ACROSS_FILESYSTEM not set).
2023-06-04 14:29:16.245 [info] > git rev-parse --show-toplevel [1ms]
2023-06-04 14:29:16.245 [info] fatal: not a git repository (or any parent up to mount point /)
Stopping at filesystem boundary (GIT_DISCOVERY_ACROSS_FILESYSTEM not set).
2023-06-04 14:29:17.221 [info] > git rev-parse --show-toplevel [1ms]
2023-06-04 14:29:17.221 [info] fatal: not a git repository (or any parent up to mount point /)
Stopping at filesystem boundary (GIT_DISCOVERY_ACROSS_FILESYSTEM not set).
2023-06-04 14:29:17.970 [info] > git rev-parse --show-toplevel [1ms]
2023-06-04 14:29:17.979 [info] > git rev-parse --git-dir --git-common-dir [1ms]
2023-06-04 14:29:17.991 [info] Open repository: /home/koneko/Documents/Projects/react_native_jobs
2023-06-04 14:29:18.003 [info] > git config --get commit.template [2ms]
2023-06-04 14:29:18.011 [info] No remotes found in the git config file.
2023-06-04 14:29:18.011 [info] > git for-each-ref --format=%(refname)%00%(upstream:short)%00%(objectname)%00%(upstream:track)%00%(upstream:remotename)%00%(upstream:remoteref) refs/heads/master refs/remotes/master [1ms]
2023-06-04 14:29:18.020 [info] > git status -z -uall [2ms]
2023-06-04 14:29:18.036 [info] > git config --get commit.template [2ms]
2023-06-04 14:29:18.043 [info] No remotes found in the git config file.
2023-06-04 14:29:18.047 [info] > git for-each-ref --format=%(refname)%00%(upstream:short)%00%(objectname)%00%(upstream:track)%00%(upstream:remotename)%00%(upstream:remoteref) refs/heads/master refs/remotes/master [4ms]
2023-06-04 14:29:18.059 [info] > git status -z -uall [3ms]
2023-06-04 14:29:18.570 [info] > git check-ignore -v -z --stdin [1ms]
2023-06-04 14:30:12.462 [info] > git check-ignore -v -z --stdin [2ms]
2023-06-04 14:30:14.169 [info] > git show --textconv :.gitignore [8ms]
2023-06-04 14:30:14.171 [info] > git ls-files --stage -- /home/koneko/Documents/Projects/react_native_jobs/.gitignore [2ms]
2023-06-04 14:30:14.178 [info] > git cat-file -s ec8a36a257a1934ce5a53d5348ed56490aefc060 [1ms]
2023-06-04 14:30:14.561 [info] > git show --textconv :app.json [8ms]
2023-06-04 14:30:14.563 [info] > git ls-files --stage -- /home/koneko/Documents/Projects/react_native_jobs/app.json [1ms]
2023-06-04 14:30:14.573 [info] > git cat-file -s 2786b3e5ff48f71ec736b3bece762dd4a4f47c39 [2ms]
2023-06-04 14:30:15.616 [info] > git show --textconv :babel.config.js [9ms]
2023-06-04 14:30:15.619 [info] > git ls-files --stage -- /home/koneko/Documents/Projects/react_native_jobs/babel.config.js [5ms]
2023-06-04 14:30:15.628 [info] > git cat-file -s 70119666228590ac22ce0b953f29dbdbf9c3a503 [1ms]
2023-06-04 14:30:17.554 [info] > git show --textconv :index.js [9ms]
2023-06-04 14:30:17.555 [info] > git ls-files --stage -- /home/koneko/Documents/Projects/react_native_jobs/index.js [2ms]
2023-06-04 14:30:17.564 [info] > git cat-file -s 80d3d998f1d030a4dcbdd2861b67b046b756e087 [1ms]
2023-06-04 14:30:19.152 [info] > git ls-files --stage -- /home/koneko/Documents/Projects/react_native_jobs/package-lock.json [2ms]
2023-06-04 14:30:20.051 [info] > git cat-file -s 56647e35cc6c484ff6137b9e20f18ec5f002cb40 [892ms]
2023-06-04 14:30:20.054 [info] > git show --textconv :package-lock.json [914ms]
2023-06-04 14:30:24.464 [info] > git show --textconv :package.json [9ms]
2023-06-04 14:30:24.465 [info] > git ls-files --stage -- /home/koneko/Documents/Projects/react_native_jobs/package.json [2ms]
2023-06-04 14:30:24.474 [info] > git cat-file -s 0ca8c3823d9e8d31ec0a10ff96f0d178d3cfa19e [1ms]
2023-06-04 14:30:43.730 [info] > git check-ignore -v -z --stdin [1ms]
2023-06-04 14:30:45.299 [info] > git config --get commit.template [2ms]
2023-06-04 14:30:45.309 [info] No remotes found in the git config file.
2023-06-04 14:30:45.310 [info] > git for-each-ref --format=%(refname)%00%(upstream:short)%00%(objectname)%00%(upstream:track)%00%(upstream:remotename)%00%(upstream:remoteref) refs/heads/master refs/remotes/master [1ms]
2023-06-04 14:30:45.320 [info] > git status -z -uall [1ms]
2023-06-04 14:30:52.625 [info] > git config --get commit.template [10ms]
2023-06-04 14:30:52.626 [info] > git check-ignore -v -z --stdin [2ms]
2023-06-04 14:30:52.635 [info] No remotes found in the git config file.
2023-06-04 14:30:52.636 [info] > git for-each-ref --format=%(refname)%00%(upstream:short)%00%(objectname)%00%(upstream:track)%00%(upstream:remotename)%00%(upstream:remoteref) refs/heads/master refs/remotes/master [2ms]
2023-06-04 14:30:52.646 [info] > git status -z -uall [2ms]
2023-06-04 14:30:53.926 [info] > git show --textconv :app/index.js [10ms]
2023-06-04 14:30:53.927 [info] > git ls-files --stage -- /home/koneko/Documents/Projects/react_native_jobs/app/index.js [2ms]
2023-06-04 14:31:00.586 [info] > git show --textconv :app/_layout.js [9ms]
2023-06-04 14:31:00.589 [info] > git ls-files --stage -- /home/koneko/Documents/Projects/react_native_jobs/app/_layout.js [3ms]
2023-06-04 14:31:00.823 [info] > git check-ignore -v -z --stdin [2ms]
2023-06-04 14:31:08.730 [info] > git config --get commit.template [2ms]
2023-06-04 14:31:08.730 [info] No remotes found in the git config file.
2023-06-04 14:31:08.739 [info] > git for-each-ref --format=%(refname)%00%(upstream:short)%00%(objectname)%00%(upstream:track)%00%(upstream:remotename)%00%(upstream:remoteref) refs/heads/master refs/remotes/master [0ms]
2023-06-04 14:31:08.745 [info] > git status -z -uall [1ms]
2023-06-04 14:33:25.876 [info] No remotes found in the git config file.
2023-06-04 14:33:25.877 [info] > git config --get commit.template [10ms]
2023-06-04 14:33:25.877 [info] > git for-each-ref --format=%(refname)%00%(upstream:short)%00%(objectname)%00%(upstream:track)%00%(upstream:remotename)%00%(upstream:remoteref) refs/heads/master refs/remotes/master [2ms]
2023-06-04 14:33:25.886 [info] > git status -z -uall [1ms]
