2023-06-04 14:33:38.431 [info] Starting TS Server undefined
2023-06-04 14:33:38.431 [info] Using tsserver from: /usr/share/code/resources/app/extensions/node_modules/typescript/lib/tsserver.js undefined
2023-06-04 14:33:38.431 [info] <syntax> Forking...
2023-06-04 14:33:38.431 [info] <syntax> Starting...
2023-06-04 14:33:38.431 [info] <semantic> Forking...
2023-06-04 14:33:38.431 [info] <semantic> Starting...
2023-06-04 14:53:37.971 [error] TSServer exited. Code: null. Signal: SIGTERM
2023-06-04 14:53:37.971 [info] Starting TS Server undefined
2023-06-04 14:53:37.971 [info] Not starting server: disposed undefined
2023-06-04 14:53:45.389 [info] Starting TS Server undefined
2023-06-04 14:53:45.389 [info] Using tsserver from: /usr/share/code/resources/app/extensions/node_modules/typescript/lib/tsserver.js undefined
2023-06-04 14:53:45.389 [info] <syntax> Forking...
2023-06-04 14:53:45.389 [info] <syntax> Starting...
2023-06-04 14:53:45.389 [info] <semantic> Forking...
2023-06-04 14:53:45.389 [info] <semantic> Starting...
2023-06-04 14:53:51.977 [error] TSServer exited. Code: null. Signal: SIGTERM
2023-06-04 14:53:51.977 [info] Starting TS Server undefined
2023-06-04 14:53:51.977 [info] Not starting server: disposed undefined
2023-06-04 14:53:52.573 [info] Starting TS Server undefined
2023-06-04 14:53:52.573 [info] Using tsserver from: /usr/share/code/resources/app/extensions/node_modules/typescript/lib/tsserver.js undefined
2023-06-04 14:53:52.573 [info] <syntax> Forking...
2023-06-04 14:53:52.573 [info] <syntax> Starting...
2023-06-04 14:53:52.573 [info] <semantic> Forking...
2023-06-04 14:53:52.573 [info] <semantic> Starting...
2023-06-04 14:54:02.200 [error] TSServer exited. Code: null. Signal: SIGTERM
2023-06-04 14:54:02.200 [info] Starting TS Server undefined
2023-06-04 14:54:02.200 [info] Not starting server: disposed undefined
2023-06-04 14:54:02.774 [info] Starting TS Server undefined
2023-06-04 14:54:02.774 [info] Using tsserver from: /usr/share/code/resources/app/extensions/node_modules/typescript/lib/tsserver.js undefined
2023-06-04 14:54:02.774 [info] <syntax> Forking...
2023-06-04 14:54:02.774 [info] <syntax> Starting...
2023-06-04 14:54:02.774 [info] <semantic> Forking...
2023-06-04 14:54:02.774 [info] <semantic> Starting...
2023-06-04 14:54:46.345 [error] TSServer exited. Code: null. Signal: SIGTERM
2023-06-04 14:54:46.345 [info] Starting TS Server undefined
2023-06-04 14:54:46.345 [info] Not starting server: disposed undefined
2023-06-04 14:54:50.036 [info] Starting TS Server undefined
2023-06-04 14:54:50.036 [info] Using tsserver from: /usr/share/code/resources/app/extensions/node_modules/typescript/lib/tsserver.js undefined
2023-06-04 14:54:50.036 [info] <syntax> Forking...
2023-06-04 14:54:50.036 [info] <syntax> Starting...
2023-06-04 14:54:50.036 [info] <semantic> Forking...
2023-06-04 14:54:50.036 [info] <semantic> Starting...
2023-06-04 14:54:56.981 [error] TSServer exited. Code: null. Signal: SIGTERM
2023-06-04 14:54:56.981 [info] Starting TS Server undefined
2023-06-04 14:54:56.981 [info] Not starting server: disposed undefined
2023-06-04 14:54:57.526 [info] Starting TS Server undefined
2023-06-04 14:54:57.526 [info] Using tsserver from: /usr/share/code/resources/app/extensions/node_modules/typescript/lib/tsserver.js undefined
2023-06-04 14:54:57.526 [info] <syntax> Forking...
2023-06-04 14:54:57.526 [info] <syntax> Starting...
2023-06-04 14:54:57.526 [info] <semantic> Forking...
2023-06-04 14:54:57.526 [info] <semantic> Starting...
2023-06-04 15:46:15.402 [error] TSServer exited. Code: null. Signal: SIGTERM
2023-06-04 15:46:15.402 [info] Starting TS Server undefined
2023-06-04 15:46:15.402 [info] Not starting server: disposed undefined
2023-06-04 15:55:59.340 [info] Starting TS Server undefined
2023-06-04 15:55:59.340 [info] Using tsserver from: /usr/share/code/resources/app/extensions/node_modules/typescript/lib/tsserver.js undefined
2023-06-04 15:55:59.340 [info] <syntax> Forking...
2023-06-04 15:55:59.340 [info] <syntax> Starting...
2023-06-04 15:55:59.340 [info] <semantic> Forking...
2023-06-04 15:55:59.340 [info] <semantic> Starting...
2023-06-04 17:36:03.565 [error] TSServer exited. Code: null. Signal: SIGTERM
2023-06-04 17:36:03.565 [info] Starting TS Server undefined
2023-06-04 17:36:03.565 [info] Not starting server: disposed undefined
2023-06-04 17:36:05.916 [info] Starting TS Server undefined
2023-06-04 17:36:05.916 [info] Using tsserver from: /usr/share/code/resources/app/extensions/node_modules/typescript/lib/tsserver.js undefined
2023-06-04 17:36:05.916 [info] <syntax> Forking...
2023-06-04 17:36:05.916 [info] <syntax> Starting...
2023-06-04 17:36:05.916 [info] <semantic> Forking...
2023-06-04 17:36:05.916 [info] <semantic> Starting...
