2023-06-04 13:15:43.265 [info] Extension host with pid 14430 started
2023-06-04 13:15:43.418 [info] ExtensionService#_doActivateExtension vscode.git-base, startup: true, activationEvent: '*', root cause: vscode.git
2023-06-04 13:15:43.424 [info] ExtensionService#_doActivateExtension vscode.github-authentication, startup: false, activationEvent: 'onAuthenticationRequest:github'
2023-06-04 13:15:43.488 [info] ExtensionService#_doActivateExtension vscode.git, startup: true, activationEvent: '*'
2023-06-04 13:15:43.544 [info] ExtensionService#_doActivateExtension vscode.github, startup: true, activationEvent: '*'
2023-06-04 13:15:47.773 [info] ExtensionService#_doActivateExtension vscode.microsoft-authentication, startup: false, activationEvent: 'onAuthenticationRequest:microsoft'
2023-06-04 13:15:50.688 [info] Eager extensions activated
2023-06-04 13:15:50.707 [info] ExtensionService#_doActivateExtension vscode.debug-auto-launch, startup: false, activationEvent: 'onStartupFinished'
2023-06-04 13:15:50.710 [info] ExtensionService#_doActivateExtension vscode.merge-conflict, startup: false, activationEvent: 'onStartupFinished'
2023-06-04 13:16:34.154 [info] ExtensionService#_doActivateExtension vscode.emmet, startup: false, activationEvent: 'onLanguage'
2023-06-04 13:16:50.322 [info] ExtensionService#_doActivateExtension vscode.json-language-features, startup: false, activationEvent: 'onLanguage:jsonc'
2023-06-04 13:16:50.408 [info] ExtensionService#_doActivateExtension vscode.typescript-language-features, startup: false, activationEvent: 'onLanguage:jsonc'
2023-06-04 13:17:19.796 [info] ExtensionService#_doActivateExtension vscodevim.vim, startup: false, activationEvent: '*'
2023-06-04 13:17:20.946 [error] Error: ENOENT: no such file or directory, open '/home/koneko/.config/Code/User/globalStorage/vscodevim.vim/.registers'
2023-06-04 13:18:57.773 [info] ExtensionService#_doActivateExtension LeonardSSH.vscord, startup: false, activationEvent: 'onStartupFinished'
2023-06-04 14:14:22.781 [info] ExtensionService#_doActivateExtension skattyadz.vscode-quick-scope, startup: false, activationEvent: '*'
2023-06-04 14:16:04.452 [info] Extension host terminating: renderer closed the MessagePort
2023-06-04 14:16:04.477 [info] Extension host with pid 14430 exiting with code 0
2023-06-04 14:16:05.637 [info] Extension host with pid 16824 started
2023-06-04 14:16:05.753 [info] ExtensionService#_doActivateExtension vscode.emmet, startup: false, activationEvent: 'onLanguage'
2023-06-04 14:16:05.759 [info] ExtensionService#_doActivateExtension vscode.json-language-features, startup: false, activationEvent: 'onLanguage:jsonc'
2023-06-04 14:16:05.784 [info] ExtensionService#_doActivateExtension vscode.typescript-language-features, startup: false, activationEvent: 'onLanguage:jsonc'
2023-06-04 14:16:06.057 [info] ExtensionService#_doActivateExtension vscode.git-base, startup: true, activationEvent: '*', root cause: vscode.git
2023-06-04 14:16:06.058 [info] ExtensionService#_doActivateExtension vscodevim.vim, startup: true, activationEvent: '*'
2023-06-04 14:16:06.123 [info] ExtensionService#_doActivateExtension vscode.git, startup: true, activationEvent: '*'
2023-06-04 14:16:06.138 [info] ExtensionService#_doActivateExtension vscode.github, startup: true, activationEvent: '*'
2023-06-04 14:16:06.230 [info] Eager extensions activated
2023-06-04 14:16:06.239 [info] ExtensionService#_doActivateExtension vscode.debug-auto-launch, startup: false, activationEvent: 'onStartupFinished'
2023-06-04 14:16:06.241 [info] ExtensionService#_doActivateExtension vscode.merge-conflict, startup: false, activationEvent: 'onStartupFinished'
2023-06-04 14:16:06.246 [info] ExtensionService#_doActivateExtension LeonardSSH.vscord, startup: false, activationEvent: 'onStartupFinished'
2023-06-04 14:16:07.272 [info] ExtensionService#_doActivateExtension vscode.github-authentication, startup: false, activationEvent: 'onAuthenticationRequest:github'
2023-06-04 14:16:07.361 [info] ExtensionService#_doActivateExtension vscode.microsoft-authentication, startup: false, activationEvent: 'onAuthenticationRequest:microsoft'
2023-06-04 14:19:01.012 [info] ExtensionService#_doActivateExtension vscode.npm, startup: false, activationEvent: 'onTerminalQuickFixRequest:ms-vscode.npm-command'
2023-06-04 14:25:18.302 [info] Extension host terminating: renderer closed the MessagePort
2023-06-04 14:25:18.333 [info] Extension host with pid 16824 exiting with code 0
2023-06-04 14:25:23.735 [info] Extension host with pid 17572 started
2023-06-04 14:25:23.736 [info] Skipping acquiring lock for /home/koneko/.config/Code/User/workspaceStorage/6daa1b12a416f3bb4da9ab53b44bbfb8.
2023-06-04 14:25:23.789 [info] ExtensionService#_doActivateExtension vscode.git-base, startup: true, activationEvent: '*'
2023-06-04 14:25:23.792 [info] ExtensionService#_doActivateExtension vscodevim.vim, startup: true, activationEvent: '*'
2023-06-04 14:25:23.940 [info] ExtensionService#_doActivateExtension vscode.github, startup: true, activationEvent: '*'
2023-06-04 14:25:24.004 [info] Eager extensions activated
2023-06-04 14:25:24.039 [info] ExtensionService#_doActivateExtension vscode.debug-auto-launch, startup: false, activationEvent: 'onStartupFinished'
2023-06-04 14:25:24.041 [info] ExtensionService#_doActivateExtension vscode.merge-conflict, startup: false, activationEvent: 'onStartupFinished'
2023-06-04 14:25:24.911 [info] ExtensionService#_doActivateExtension vscode.github-authentication, startup: false, activationEvent: 'onAuthenticationRequest:github'
2023-06-04 14:25:26.412 [info] ExtensionService#_doActivateExtension vscode.microsoft-authentication, startup: false, activationEvent: 'onAuthenticationRequest:microsoft'
2023-06-04 14:26:54.917 [info] ExtensionService#_doActivateExtension vscode.git, startup: false, activationEvent: 'api', root cause: vscode.github
2023-06-04 14:26:54.964 [info] ExtensionService#_doActivateExtension LeonardSSH.vscord, startup: false, activationEvent: 'onStartupFinished'
2023-06-04 14:26:55.118 [error] Activating extension LeonardSSH.vscord failed due to an error:
2023-06-04 14:26:55.118 [error] Error: Extension 'vscode.git' is not known or not activated
    at e.ExtensionsActivator.getActivatedExtension (/usr/share/code/resources/app/out/vs/workbench/api/node/extensionHostProcess.js:96:3854)
    at v.getExtensionExports (/usr/share/code/resources/app/out/vs/workbench/api/node/extensionHostProcess.js:112:10269)
    at ie.get exports [as exports] (/usr/share/code/resources/app/out/vs/workbench/api/node/extensionHostProcess.js:112:22534)
    at new rs (/home/koneko/.vscode/extensions/leonardssh.vscord-5.1.10/src/data.ts:48:31)
    at Object.<anonymous> (/home/koneko/.vscode/extensions/leonardssh.vscord-5.1.10/src/data.ts:332:26)
    at Module.u._compile (/usr/share/code/resources/app/out/vs/loader.js:4:1271)
    at Object.Module._extensions..js (node:internal/modules/cjs/loader:1243:10)
    at Module.load (node:internal/modules/cjs/loader:1058:32)
    at Module._load (node:internal/modules/cjs/loader:893:12)
    at Function.f._load (node:electron/js2c/asar_bundle:2:13330)
    at Function.b._load (/usr/share/code/resources/app/out/vs/workbench/api/node/extensionHostProcess.js:126:29948)
    at Function.h._load (/usr/share/code/resources/app/out/vs/workbench/api/node/extensionHostProcess.js:126:26698)
    at Function.I._load (/usr/share/code/resources/app/out/vs/workbench/api/node/extensionHostProcess.js:90:24489)
    at Module.require (node:internal/modules/cjs/loader:1082:19)
    at require (node:internal/modules/cjs/helpers:102:18)
    at Function.i [as __$__nodeRequire] (/usr/share/code/resources/app/out/vs/loader.js:5:98)
    at v.rb (/usr/share/code/resources/app/out/vs/workbench/api/node/extensionHostProcess.js:126:27962)
    at async Promise.all (index 0)
2023-06-04 14:27:12.490 [info] ExtensionService#_doActivateExtension vscode.emmet, startup: false, activationEvent: 'onLanguage'
2023-06-04 14:30:14.370 [info] ExtensionService#_doActivateExtension vscode.extension-editing, startup: false, activationEvent: 'onLanguage:json'
2023-06-04 14:30:14.396 [info] ExtensionService#_doActivateExtension vscode.json-language-features, startup: false, activationEvent: 'onLanguage:json'
2023-06-04 14:30:14.429 [info] ExtensionService#_doActivateExtension vscode.npm, startup: false, activationEvent: 'onLanguage:json'
2023-06-04 14:30:15.409 [info] ExtensionService#_doActivateExtension vscode.typescript-language-features, startup: false, activationEvent: 'onLanguage:javascript'
2023-06-04 14:33:29.470 [info] Extension host terminating: renderer closed the MessagePort
2023-06-04 14:33:29.512 [error] Canceled: Canceled
    at new l (/usr/share/code/resources/app/out/vs/workbench/api/node/extensionHostProcess.js:98:104563)
    at a.O (/usr/share/code/resources/app/out/vs/workbench/api/node/extensionHostProcess.js:110:11657)
    at Proxy.H.<computed>.V.charCodeAt.H.<computed> (/usr/share/code/resources/app/out/vs/workbench/api/node/extensionHostProcess.js:110:8947)
    at e.ExtHostCommands.g (/usr/share/code/resources/app/out/vs/workbench/api/node/extensionHostProcess.js:98:124729)
    at e.ExtHostCommands.executeCommand (/usr/share/code/resources/app/out/vs/workbench/api/node/extensionHostProcess.js:98:124105)
    at C.registerCommand.description (/usr/share/code/resources/app/out/vs/workbench/api/node/extensionHostProcess.js:98:123398)
    at e.ExtHostCommands.h (/usr/share/code/resources/app/out/vs/workbench/api/node/extensionHostProcess.js:98:125315)
    at e.ExtHostCommands.g (/usr/share/code/resources/app/out/vs/workbench/api/node/extensionHostProcess.js:98:124205)
    at e.ExtHostCommands.executeCommand (/usr/share/code/resources/app/out/vs/workbench/api/node/extensionHostProcess.js:98:124105)
    at Object.executeCommand (/usr/share/code/resources/app/out/vs/workbench/api/node/extensionHostProcess.js:116:24043)
    at D (/usr/share/code/resources/app/extensions/git/dist/main.js:2:1259661)
    at v.invoke (/usr/share/code/resources/app/out/vs/workbench/api/node/extensionHostProcess.js:63:145)
    at h.deliver (/usr/share/code/resources/app/out/vs/workbench/api/node/extensionHostProcess.js:63:2121)
    at i.fire (/usr/share/code/resources/app/out/vs/workbench/api/node/extensionHostProcess.js:63:1729)
    at Object.m [as dispose] (/usr/share/code/resources/app/extensions/git/dist/main.js:2:1274494)
    at /usr/share/code/resources/app/extensions/git/dist/main.js:2:1278940
    at Array.forEach (<anonymous>)
    at g.dispose (/usr/share/code/resources/app/extensions/git/dist/main.js:2:1278926)
    at t.<anonymous> (/usr/share/code/resources/app/out/vs/workbench/api/node/extensionHostProcess.js:96:12369)
    at t.dispose (/usr/share/code/resources/app/out/vs/workbench/api/node/extensionHostProcess.js:96:12504)
    at t.<anonymous> (/usr/share/code/resources/app/extensions/git/dist/main.js:2:1261791)
    at t.dispose (/usr/share/code/resources/app/out/vs/workbench/api/node/extensionHostProcess.js:96:12504)
    at T (/usr/share/code/resources/app/out/vs/workbench/api/node/extensionHostProcess.js:10:12080)
    at v.Y (/usr/share/code/resources/app/out/vs/workbench/api/node/extensionHostProcess.js:112:11173)
    at /usr/share/code/resources/app/out/vs/workbench/api/node/extensionHostProcess.js:112:9157
    at Array.map (<anonymous>)
    at v.R (/usr/share/code/resources/app/out/vs/workbench/api/node/extensionHostProcess.js:112:9144)
    at v.terminate (/usr/share/code/resources/app/out/vs/workbench/api/node/extensionHostProcess.js:112:9415)
    at d.terminate (/usr/share/code/resources/app/out/vs/workbench/api/node/extensionHostProcess.js:116:1544)
    at g (/usr/share/code/resources/app/out/vs/workbench/api/node/extensionHostProcess.js:126:34439)
    at MessagePortMain.<anonymous> (/usr/share/code/resources/app/out/vs/workbench/api/node/extensionHostProcess.js:126:30578)
    at MessagePortMain.emit (node:events:513:28)
    at Object.MessagePortMain._internalPort.emit (node:electron/js2c/utility_init:2:367) setContext undefined
2023-06-04 14:33:29.524 [info] Extension host with pid 17572 exiting with code 0
