2023-06-04 13:18:57.751 [info] Configuration changed
2023-06-04 13:21:26.534 [info] /home/koneko/.config/Code/User/settings.json closed
2023-06-04 14:10:40.311 [info] /home/koneko/.config/Code/User/settings.json closed
2023-06-04 14:10:40.337 [info] Configuration changed
2023-06-04 14:10:48.885 [info] Active editor: vscode-userdata:/home/koneko/.config/Code/User/settings.json
2023-06-04 14:10:50.055 [info] Configuration changed
2023-06-04 14:10:54.432 [info] Executing :w
2023-06-04 14:10:55.093 [info] Configuration changed
2023-06-04 14:10:56.880 [info] Executing :w
2023-06-04 14:11:07.061 [info] Configuration changed
2023-06-04 14:12:12.366 [info] Configuration changed
2023-06-04 14:12:37.797 [info] Configuration changed
2023-06-04 14:13:27.243 [info] Active editor: vscode-userdata:/home/koneko/.config/Code/User/settings.json
2023-06-04 14:13:29.539 [info] Executing :w
2023-06-04 14:13:42.421 [info] Active editor: vscode-userdata:/home/koneko/.config/Code/User/settings.json
2023-06-04 14:13:42.971 [info] Configuration changed
2023-06-04 14:13:47.701 [info] Executing :w
2023-06-04 14:13:49.135 [info] /settings/user closed
2023-06-04 14:13:49.202 [info] /settings/resourceLanguage closed
2023-06-04 14:13:49.202 [info] /ignoredSettings closed
2023-06-04 14:13:49.211 [info] /launch closed
2023-06-04 14:13:49.212 [info] /token-styling closed
2023-06-04 14:13:49.212 [info] /textmate-colors closed
2023-06-04 14:13:49.213 [info] /workbench-colors closed
2023-06-04 14:13:52.075 [info] Active editor: vscode-userdata:/home/koneko/.config/Code/User/settings.json
2023-06-04 14:14:27.141 [info] Active editor: vscode-userdata:/home/koneko/.config/Code/User/settings.json
2023-06-04 14:14:40.537 [info] Active editor: vscode-userdata:/home/koneko/.config/Code/User/settings.json
2023-06-04 14:15:04.958 [info] Active editor: vscode-userdata:/home/koneko/.config/Code/User/settings.json
2023-06-04 14:15:53.149 [info] Executing :w
2023-06-04 14:16:07.356 [info] Configuration changed
2023-06-04 14:16:07.356 [info] Configuration changed
2023-06-04 14:16:33.491 [info] Executing :w
2023-06-04 14:16:36.962 [info] Executing :w
2023-06-04 14:16:39.363 [info] /home/koneko/.config/Code/User/settings.json closed
2023-06-04 14:23:25.388 [info] Active editor: output:tasks
2023-06-04 14:23:27.175 [info] tasks closed
2023-06-04 14:25:26.407 [info] Configuration changed
2023-06-04 14:25:26.407 [info] Configuration changed
2023-06-04 14:25:26.407 [info] Configuration changed
2023-06-04 14:26:54.869 [info] Configuration changed
2023-06-04 14:30:13.939 [info] Active editor: file:///home/koneko/Documents/Projects/react_native_jobs/.gitignore
2023-06-04 14:30:14.317 [info] /home/koneko/Documents/Projects/react_native_jobs/.gitignore closed
2023-06-04 14:30:14.319 [info] /home/koneko/Documents/Projects/react_native_jobs/.gitignore.git closed
2023-06-04 14:30:14.337 [info] Active editor: file:///home/koneko/Documents/Projects/react_native_jobs/app.json
2023-06-04 14:30:15.336 [info] /home/koneko/Documents/Projects/react_native_jobs/app.json closed
2023-06-04 14:30:15.337 [info] /home/koneko/Documents/Projects/react_native_jobs/app.json.git closed
2023-06-04 14:30:15.359 [info] Active editor: file:///home/koneko/Documents/Projects/react_native_jobs/babel.config.js
2023-06-04 14:30:17.306 [info] /home/koneko/Documents/Projects/react_native_jobs/babel.config.js closed
2023-06-04 14:30:17.307 [info] /home/koneko/Documents/Projects/react_native_jobs/babel.config.js.git closed
2023-06-04 14:30:17.326 [info] Active editor: file:///home/koneko/Documents/Projects/react_native_jobs/index.js
2023-06-04 14:30:18.784 [info] /home/koneko/Documents/Projects/react_native_jobs/index.js closed
2023-06-04 14:30:18.785 [info] /home/koneko/Documents/Projects/react_native_jobs/index.js.git closed
2023-06-04 14:30:18.869 [info] Active editor: file:///home/koneko/Documents/Projects/react_native_jobs/package-lock.json
2023-06-04 14:30:24.218 [info] /home/koneko/Documents/Projects/react_native_jobs/package-lock.json closed
2023-06-04 14:30:24.219 [info] /home/koneko/Documents/Projects/react_native_jobs/package-lock.json.git closed
2023-06-04 14:30:24.248 [info] Active editor: file:///home/koneko/Documents/Projects/react_native_jobs/package.json
2023-06-04 14:30:53.689 [info] Active editor: file:///home/koneko/Documents/Projects/react_native_jobs/app/index.js
2023-06-04 14:31:00.361 [info] Active editor: file:///home/koneko/Documents/Projects/react_native_jobs/app/_layout.js
2023-06-04 14:31:43.121 [info] /home/koneko/.config/Code/User/settings.json closed
2023-06-04 14:31:43.154 [info] Configuration changed
2023-06-04 14:31:44.946 [info] Active editor: file:///home/koneko/Documents/Projects/react_native_jobs/app/_layout.js
2023-06-04 14:31:59.464 [info] /home/koneko/.config/Code/User/settings.json closed
2023-06-04 14:31:59.484 [info] Configuration changed
2023-06-04 14:32:00.461 [info] Active editor: file:///home/koneko/Documents/Projects/react_native_jobs/app/_layout.js
2023-06-04 14:32:00.810 [info] /home/koneko/.config/Code/User/settings.json closed
2023-06-04 14:32:00.850 [info] Configuration changed
2023-06-04 14:32:07.182 [info] /home/koneko/.config/Code/User/settings.json closed
2023-06-04 14:32:07.200 [info] Configuration changed
2023-06-04 14:32:10.570 [info] Active editor: vscode-userdata:/home/koneko/.config/Code/User/settings.json
2023-06-04 14:32:14.932 [info] Active editor: file:///home/koneko/Documents/Projects/react_native_jobs/app/_layout.js
2023-06-04 14:33:10.681 [info] Active editor: file:///home/koneko/Documents/Projects/react_native_jobs/app/_layout.js
2023-06-04 14:33:13.963 [info] Configuration changed
2023-06-04 14:33:22.388 [info] Active editor: file:///home/koneko/Documents/Projects/react_native_jobs/app/_layout.js
2023-06-04 14:33:24.294 [info] /vscode-extensions closed
2023-06-04 14:33:24.391 [info] /settings/configurationDefaults closed
2023-06-04 14:33:24.504 [info] /settings/resourceLanguage closed
2023-06-04 14:33:24.518 [info] /launch closed
2023-06-04 14:33:24.519 [info] /token-styling closed
2023-06-04 14:33:24.520 [info] /textmate-colors closed
2023-06-04 14:33:24.523 [info] /workbench-colors closed
